{"/Users/ryanyogan/projects/CurrencyConverter/app/index.js": {"path":"/Users/ryanyogan/projects/CurrencyConverter/app/index.js","statementMap":{"0":{"start":{"line":1,"column":0},"end":{"line":1,"column":57}},"1":{"start":{"line":1,"column":57},"end":{"line":1,"column":83}},"2":{"start":{"line":1,"column":100},"end":{"line":1,"column":592}},"3":{"start":{"line":1,"column":151},"end":{"line":1,"column":393}},"4":{"start":{"line":1,"column":198},"end":{"line":1,"column":206}},"5":{"start":{"line":1,"column":207},"end":{"line":1,"column":258}},"6":{"start":{"line":1,"column":258},"end":{"line":1,"column":287}},"7":{"start":{"line":1,"column":287},"end":{"line":1,"column":336}},"8":{"start":{"line":1,"column":311},"end":{"line":1,"column":336}},"9":{"start":{"line":1,"column":336},"end":{"line":1,"column":392}},"10":{"start":{"line":1,"column":394},"end":{"line":1,"column":589}},"11":{"start":{"line":1,"column":446},"end":{"line":1,"column":511}},"12":{"start":{"line":1,"column":460},"end":{"line":1,"column":511}},"13":{"start":{"line":1,"column":511},"end":{"line":1,"column":568}},"14":{"start":{"line":1,"column":526},"end":{"line":1,"column":568}},"15":{"start":{"line":1,"column":568},"end":{"line":1,"column":587}},"16":{"start":{"line":1,"column":604},"end":{"line":1,"column":620}},"17":{"start":{"line":1,"column":633},"end":{"line":1,"column":663}},"18":{"start":{"line":2,"column":16},"end":{"line":2,"column":38}},"19":{"start":{"line":3,"column":21},"end":{"line":3,"column":48}},"20":{"start":{"line":4,"column":12},"end":{"line":4,"column":57}},"21":{"start":{"line":6,"column":12},"end":{"line":6,"column":38}},"22":{"start":{"line":6,"column":52},"end":{"line":6,"column":83}},"23":{"start":{"line":7,"column":11},"end":{"line":7,"column":40}},"24":{"start":{"line":9,"column":11},"end":{"line":9,"column":36}},"25":{"start":{"line":9,"column":49},"end":{"line":9,"column":79}},"26":{"start":{"line":10,"column":12},"end":{"line":10,"column":38}},"27":{"start":{"line":11,"column":12},"end":{"line":11,"column":38}},"28":{"start":{"line":11,"column":52},"end":{"line":11,"column":83}},"29":{"start":{"line":11,"column":121},"end":{"line":11,"column":166}},"30":{"start":{"line":11,"column":214},"end":{"line":11,"column":311}},"31":{"start":{"line":11,"column":253},"end":{"line":11,"column":310}},"32":{"start":{"line":11,"column":359},"end":{"line":11,"column":456}},"33":{"start":{"line":11,"column":369},"end":{"line":11,"column":455}},"34":{"start":{"line":11,"column":456},"end":{"line":11,"column":530}},"35":{"start":{"line":11,"column":571},"end":{"line":11,"column":724}},"36":{"start":{"line":11,"column":625},"end":{"line":11,"column":723}},"37":{"start":{"line":11,"column":724},"end":{"line":11,"column":871}},"38":{"start":{"line":11,"column":871},"end":{"line":11,"column":980}},"39":{"start":{"line":11,"column":885},"end":{"line":11,"column":980}},"40":{"start":{"line":13,"column":0},"end":{"line":13,"column":23}},"41":{"start":{"line":15,"column":8},"end":{"line":19,"column":16}},"42":{"start":{"line":15,"column":40},"end":{"line":15,"column":53}},"43":{"start":{"line":15,"column":58},"end":{"line":15,"column":66}},"44":{"start":{"line":15,"column":67},"end":{"line":19,"column":15}},"45":{"start":{"line":24,"column":22},"end":{"line":26,"column":4}},"46":{"start":{"line":24,"column":70},"end":{"line":24,"column":79}},"47":{"start":{"line":24,"column":80},"end":{"line":25,"column":9}},"48":{"start":{"line":28,"column":5},"end":{"line":52,"column":36}},"49":{"start":{"line":28,"column":26},"end":{"line":28,"column":53}},"50":{"start":{"line":29,"column":21},"end":{"line":29,"column":48}},"51":{"start":{"line":29,"column":58},"end":{"line":30,"column":7}},"52":{"start":{"line":32,"column":0},"end":{"line":32,"column":21}},"53":{"start":{"line":32,"column":28},"end":{"line":32,"column":46}},"54":{"start":{"line":32,"column":57},"end":{"line":32,"column":79}},"55":{"start":{"line":34,"column":0},"end":{"line":36,"column":21}},"56":{"start":{"line":36,"column":21},"end":{"line":36,"column":34}},"57":{"start":{"line":38,"column":1},"end":{"line":52,"column":5}},"58":{"start":{"line":41,"column":0},"end":{"line":46,"column":59}},"59":{"start":{"line":52,"column":5},"end":{"line":52,"column":17}},"60":{"start":{"line":52,"column":37},"end":{"line":52,"column":58}}},"fnMap":{"0":{"name":"(anonymous_0)","decl":{"start":{"line":1,"column":100},"end":{"line":1,"column":101}},"loc":{"start":{"line":1,"column":110},"end":{"line":1,"column":590}},"line":1},"1":{"name":"defineProperties","decl":{"start":{"line":1,"column":120},"end":{"line":1,"column":136}},"loc":{"start":{"line":1,"column":150},"end":{"line":1,"column":394}},"line":1},"2":{"name":"(anonymous_2)","decl":{"start":{"line":1,"column":401},"end":{"line":1,"column":402}},"loc":{"start":{"line":1,"column":445},"end":{"line":1,"column":588}},"line":1},"3":{"name":"_interopRequireDefault","decl":{"start":{"line":11,"column":93},"end":{"line":11,"column":115}},"loc":{"start":{"line":11,"column":120},"end":{"line":11,"column":167}},"line":11},"4":{"name":"_classCallCheck","decl":{"start":{"line":11,"column":176},"end":{"line":11,"column":191}},"loc":{"start":{"line":11,"column":213},"end":{"line":11,"column":312}},"line":11},"5":{"name":"_possibleConstructorReturn","decl":{"start":{"line":11,"column":321},"end":{"line":11,"column":347}},"loc":{"start":{"line":11,"column":358},"end":{"line":11,"column":531}},"line":11},"6":{"name":"_inherits","decl":{"start":{"line":11,"column":540},"end":{"line":11,"column":549}},"loc":{"start":{"line":11,"column":570},"end":{"line":11,"column":981}},"line":11},"7":{"name":"App","decl":{"start":{"line":15,"column":17},"end":{"line":15,"column":20}},"loc":{"start":{"line":15,"column":26},"end":{"line":19,"column":16}},"line":15},"8":{"name":"(anonymous_8)","decl":{"start":{"line":24,"column":46},"end":{"line":24,"column":47}},"loc":{"start":{"line":24,"column":61},"end":{"line":25,"column":10}},"line":24},"9":{"name":"(anonymous_9)","decl":{"start":{"line":28,"column":5},"end":{"line":28,"column":6}},"loc":{"start":{"line":28,"column":25},"end":{"line":52,"column":18}},"line":28},"10":{"name":"Root","decl":{"start":{"line":29,"column":9},"end":{"line":29,"column":13}},"loc":{"start":{"line":29,"column":20},"end":{"line":38,"column":1}},"line":29},"11":{"name":"render","decl":{"start":{"line":38,"column":49},"end":{"line":38,"column":55}},"loc":{"start":{"line":40,"column":0},"end":{"line":52,"column":1}},"line":40}},"branchMap":{"0":{"loc":{"start":{"line":1,"column":229},"end":{"line":1,"column":257}},"type":"binary-expr","locations":[{"start":{"line":1,"column":229},"end":{"line":1,"column":250}},{"start":{"line":1,"column":252},"end":{"line":1,"column":257}}],"line":1},"1":{"loc":{"start":{"line":1,"column":287},"end":{"line":1,"column":336}},"type":"if","locations":[{"start":{"line":1,"column":287},"end":{"line":1,"column":336}},{"start":{"line":1,"column":287},"end":{"line":1,"column":336}}],"line":1},"2":{"loc":{"start":{"line":1,"column":446},"end":{"line":1,"column":511}},"type":"if","locations":[{"start":{"line":1,"column":446},"end":{"line":1,"column":511}},{"start":{"line":1,"column":446},"end":{"line":1,"column":511}}],"line":1},"3":{"loc":{"start":{"line":1,"column":511},"end":{"line":1,"column":568}},"type":"if","locations":[{"start":{"line":1,"column":511},"end":{"line":1,"column":568}},{"start":{"line":1,"column":511},"end":{"line":1,"column":568}}],"line":1},"4":{"loc":{"start":{"line":11,"column":128},"end":{"line":11,"column":165}},"type":"cond-expr","locations":[{"start":{"line":11,"column":148},"end":{"line":11,"column":151}},{"start":{"line":11,"column":152},"end":{"line":11,"column":165}}],"line":11},"5":{"loc":{"start":{"line":11,"column":128},"end":{"line":11,"column":147}},"type":"binary-expr","locations":[{"start":{"line":11,"column":128},"end":{"line":11,"column":131}},{"start":{"line":11,"column":133},"end":{"line":11,"column":147}}],"line":11},"6":{"loc":{"start":{"line":11,"column":214},"end":{"line":11,"column":311}},"type":"if","locations":[{"start":{"line":11,"column":214},"end":{"line":11,"column":311}},{"start":{"line":11,"column":214},"end":{"line":11,"column":311}}],"line":11},"7":{"loc":{"start":{"line":11,"column":359},"end":{"line":11,"column":456}},"type":"if","locations":[{"start":{"line":11,"column":359},"end":{"line":11,"column":456}},{"start":{"line":11,"column":359},"end":{"line":11,"column":456}}],"line":11},"8":{"loc":{"start":{"line":11,"column":463},"end":{"line":11,"column":529}},"type":"cond-expr","locations":[{"start":{"line":11,"column":520},"end":{"line":11,"column":524}},{"start":{"line":11,"column":525},"end":{"line":11,"column":529}}],"line":11},"9":{"loc":{"start":{"line":11,"column":463},"end":{"line":11,"column":519}},"type":"binary-expr","locations":[{"start":{"line":11,"column":463},"end":{"line":11,"column":467}},{"start":{"line":11,"column":470},"end":{"line":11,"column":492}},{"start":{"line":11,"column":494},"end":{"line":11,"column":518}}],"line":11},"10":{"loc":{"start":{"line":11,"column":571},"end":{"line":11,"column":724}},"type":"if","locations":[{"start":{"line":11,"column":571},"end":{"line":11,"column":724}},{"start":{"line":11,"column":571},"end":{"line":11,"column":724}}],"line":11},"11":{"loc":{"start":{"line":11,"column":574},"end":{"line":11,"column":623}},"type":"binary-expr","locations":[{"start":{"line":11,"column":574},"end":{"line":11,"column":604}},{"start":{"line":11,"column":606},"end":{"line":11,"column":623}}],"line":11},"12":{"loc":{"start":{"line":11,"column":757},"end":{"line":11,"column":789}},"type":"binary-expr","locations":[{"start":{"line":11,"column":757},"end":{"line":11,"column":767}},{"start":{"line":11,"column":769},"end":{"line":11,"column":789}}],"line":11},"13":{"loc":{"start":{"line":11,"column":871},"end":{"line":11,"column":980}},"type":"if","locations":[{"start":{"line":11,"column":871},"end":{"line":11,"column":980}},{"start":{"line":11,"column":871},"end":{"line":11,"column":980}}],"line":11},"14":{"loc":{"start":{"line":11,"column":885},"end":{"line":11,"column":979}},"type":"cond-expr","locations":[{"start":{"line":11,"column":907},"end":{"line":11,"column":949}},{"start":{"line":11,"column":950},"end":{"line":11,"column":979}}],"line":11},"15":{"loc":{"start":{"line":29,"column":91},"end":{"line":29,"column":134}},"type":"binary-expr","locations":[{"start":{"line":29,"column":91},"end":{"line":29,"column":105}},{"start":{"line":29,"column":107},"end":{"line":29,"column":134}}],"line":29}},"s":{"0":0,"1":0,"2":0,"3":0,"4":0,"5":0,"6":0,"7":0,"8":0,"9":0,"10":0,"11":0,"12":0,"13":0,"14":0,"15":0,"16":0,"17":0,"18":0,"19":0,"20":0,"21":0,"22":0,"23":0,"24":0,"25":0,"26":0,"27":0,"28":0,"29":0,"30":0,"31":0,"32":0,"33":0,"34":0,"35":0,"36":0,"37":0,"38":0,"39":0,"40":0,"41":0,"42":0,"43":0,"44":0,"45":0,"46":0,"47":0,"48":0,"49":0,"50":0,"51":0,"52":0,"53":0,"54":0,"55":0,"56":0,"57":0,"58":0,"59":0,"60":0},"f":{"0":0,"1":0,"2":0,"3":0,"4":0,"5":0,"6":0,"7":0,"8":0,"9":0,"10":0,"11":0},"b":{"0":[0,0],"1":[0,0],"2":[0,0],"3":[0,0],"4":[0,0],"5":[0,0],"6":[0,0],"7":[0,0],"8":[0,0],"9":[0,0,0],"10":[0,0],"11":[0,0],"12":[0,0],"13":[0,0],"14":[0,0],"15":[0,0]}}
,"/Users/ryanyogan/projects/CurrencyConverter/app/actions/currencies.js": {"path":"/Users/ryanyogan/projects/CurrencyConverter/app/actions/currencies.js","statementMap":{"0":{"start":{"line":1,"column":29},"end":{"line":1,"column":44}},"1":{"start":{"line":2,"column":38},"end":{"line":2,"column":62}},"2":{"start":{"line":3,"column":36},"end":{"line":3,"column":58}},"3":{"start":{"line":4,"column":37},"end":{"line":4,"column":60}},"4":{"start":{"line":5,"column":38},"end":{"line":5,"column":62}},"5":{"start":{"line":6,"column":33},"end":{"line":6,"column":52}},"6":{"start":{"line":7,"column":32},"end":{"line":7,"column":50}},"7":{"start":{"line":9,"column":28},"end":{"line":11,"column":2}},"8":{"start":{"line":9,"column":35},"end":{"line":11,"column":1}},"9":{"start":{"line":13,"column":36},"end":{"line":16,"column":2}},"10":{"start":{"line":13,"column":47},"end":{"line":16,"column":1}},"11":{"start":{"line":18,"column":34},"end":{"line":21,"column":2}},"12":{"start":{"line":18,"column":47},"end":{"line":21,"column":1}},"13":{"start":{"line":23,"column":35},"end":{"line":26,"column":2}},"14":{"start":{"line":23,"column":48},"end":{"line":26,"column":1}},"15":{"start":{"line":28,"column":36},"end":{"line":30,"column":2}},"16":{"start":{"line":28,"column":43},"end":{"line":30,"column":1}}},"fnMap":{"0":{"name":"(anonymous_0)","decl":{"start":{"line":9,"column":28},"end":{"line":9,"column":29}},"loc":{"start":{"line":9,"column":35},"end":{"line":11,"column":1}},"line":9},"1":{"name":"(anonymous_1)","decl":{"start":{"line":13,"column":36},"end":{"line":13,"column":37}},"loc":{"start":{"line":13,"column":47},"end":{"line":16,"column":1}},"line":13},"2":{"name":"(anonymous_2)","decl":{"start":{"line":18,"column":34},"end":{"line":18,"column":35}},"loc":{"start":{"line":18,"column":47},"end":{"line":21,"column":1}},"line":18},"3":{"name":"(anonymous_3)","decl":{"start":{"line":23,"column":35},"end":{"line":23,"column":36}},"loc":{"start":{"line":23,"column":48},"end":{"line":26,"column":1}},"line":23},"4":{"name":"(anonymous_4)","decl":{"start":{"line":28,"column":36},"end":{"line":28,"column":37}},"loc":{"start":{"line":28,"column":43},"end":{"line":30,"column":1}},"line":28}},"branchMap":{},"s":{"0":2,"1":2,"2":2,"3":2,"4":2,"5":2,"6":2,"7":2,"8":2,"9":2,"10":3,"11":2,"12":2,"13":2,"14":1,"15":2,"16":4},"f":{"0":2,"1":3,"2":2,"3":1,"4":4},"b":{},"_coverageSchema":"332fd63041d2c1bcb487cc26dd0d5f7d97098a6c","hash":"549f7e193666df3c27945052a3ae7d03aecc3b3d"}
,"/Users/ryanyogan/projects/CurrencyConverter/app/actions/network.js": {"path":"/Users/ryanyogan/projects/CurrencyConverter/app/actions/network.js","statementMap":{"0":{"start":{"line":1,"column":0},"end":{"line":1,"column":57}},"1":{"start":{"line":1,"column":86},"end":{"line":1,"column":145}},"2":{"start":{"line":3,"column":24},"end":{"line":5,"column":16}},"3":{"start":{"line":3,"column":89},"end":{"line":5,"column":15}}},"fnMap":{"0":{"name":"changeNetworkStatus","decl":{"start":{"line":3,"column":61},"end":{"line":3,"column":80}},"loc":{"start":{"line":3,"column":88},"end":{"line":5,"column":16}},"line":3}},"branchMap":{},"s":{"0":0,"1":0,"2":0,"3":0},"f":{"0":0},"b":{}}
,"/Users/ryanyogan/projects/CurrencyConverter/app/actions/theme.js": {"path":"/Users/ryanyogan/projects/CurrencyConverter/app/actions/theme.js","statementMap":{"0":{"start":{"line":1,"column":0},"end":{"line":1,"column":57}},"1":{"start":{"line":1,"column":82},"end":{"line":1,"column":133}},"2":{"start":{"line":3,"column":23},"end":{"line":5,"column":14}},"3":{"start":{"line":3,"column":85},"end":{"line":5,"column":13}}},"fnMap":{"0":{"name":"changePrimaryColor","decl":{"start":{"line":3,"column":59},"end":{"line":3,"column":77}},"loc":{"start":{"line":3,"column":84},"end":{"line":5,"column":14}},"line":3}},"branchMap":{},"s":{"0":0,"1":0,"2":0,"3":0},"f":{"0":0},"b":{}}
,"/Users/ryanyogan/projects/CurrencyConverter/app/components/Alert/AlertProvider.js": {"path":"/Users/ryanyogan/projects/CurrencyConverter/app/components/Alert/AlertProvider.js","statementMap":{"0":{"start":{"line":1,"column":0},"end":{"line":1,"column":57}},"1":{"start":{"line":1,"column":74},"end":{"line":1,"column":566}},"2":{"start":{"line":1,"column":125},"end":{"line":1,"column":367}},"3":{"start":{"line":1,"column":172},"end":{"line":1,"column":180}},"4":{"start":{"line":1,"column":181},"end":{"line":1,"column":232}},"5":{"start":{"line":1,"column":232},"end":{"line":1,"column":261}},"6":{"start":{"line":1,"column":261},"end":{"line":1,"column":310}},"7":{"start":{"line":1,"column":285},"end":{"line":1,"column":310}},"8":{"start":{"line":1,"column":310},"end":{"line":1,"column":366}},"9":{"start":{"line":1,"column":368},"end":{"line":1,"column":563}},"10":{"start":{"line":1,"column":420},"end":{"line":1,"column":485}},"11":{"start":{"line":1,"column":434},"end":{"line":1,"column":485}},"12":{"start":{"line":1,"column":485},"end":{"line":1,"column":542}},"13":{"start":{"line":1,"column":500},"end":{"line":1,"column":542}},"14":{"start":{"line":1,"column":542},"end":{"line":1,"column":561}},"15":{"start":{"line":1,"column":595},"end":{"line":1,"column":611}},"16":{"start":{"line":1,"column":624},"end":{"line":1,"column":654}},"17":{"start":{"line":2,"column":15},"end":{"line":2,"column":36}},"18":{"start":{"line":3,"column":17},"end":{"line":3,"column":40}},"19":{"start":{"line":4,"column":30},"end":{"line":4,"column":67}},"20":{"start":{"line":4,"column":99},"end":{"line":4,"column":148}},"21":{"start":{"line":4,"column":186},"end":{"line":4,"column":231}},"22":{"start":{"line":4,"column":279},"end":{"line":4,"column":376}},"23":{"start":{"line":4,"column":318},"end":{"line":4,"column":375}},"24":{"start":{"line":4,"column":424},"end":{"line":4,"column":521}},"25":{"start":{"line":4,"column":434},"end":{"line":4,"column":520}},"26":{"start":{"line":4,"column":521},"end":{"line":4,"column":595}},"27":{"start":{"line":4,"column":636},"end":{"line":4,"column":789}},"28":{"start":{"line":4,"column":690},"end":{"line":4,"column":788}},"29":{"start":{"line":4,"column":789},"end":{"line":4,"column":936}},"30":{"start":{"line":4,"column":936},"end":{"line":4,"column":1045}},"31":{"start":{"line":4,"column":950},"end":{"line":4,"column":1045}},"32":{"start":{"line":6,"column":15},"end":{"line":34,"column":173}},"33":{"start":{"line":6,"column":49},"end":{"line":6,"column":85}},"34":{"start":{"line":6,"column":110},"end":{"line":6,"column":146}},"35":{"start":{"line":6,"column":146},"end":{"line":6,"column":272}},"36":{"start":{"line":6,"column":273},"end":{"line":34,"column":5}},"37":{"start":{"line":16,"column":12},"end":{"line":16,"column":16}},"38":{"start":{"line":17,"column":0},"end":{"line":19,"column":134}},"39":{"start":{"line":18,"column":37},"end":{"line":18,"column":104}},"40":{"start":{"line":19,"column":54},"end":{"line":19,"column":131}},"41":{"start":{"line":23,"column":12},"end":{"line":23,"column":16}},"42":{"start":{"line":24,"column":0},"end":{"line":30,"column":6}},"43":{"start":{"line":29,"column":0},"end":{"line":29,"column":21}},"44":{"start":{"line":34,"column":5},"end":{"line":34,"column":26}},"45":{"start":{"line":34,"column":175},"end":{"line":37,"column":14}}},"fnMap":{"0":{"name":"(anonymous_0)","decl":{"start":{"line":1,"column":74},"end":{"line":1,"column":75}},"loc":{"start":{"line":1,"column":84},"end":{"line":1,"column":564}},"line":1},"1":{"name":"defineProperties","decl":{"start":{"line":1,"column":94},"end":{"line":1,"column":110}},"loc":{"start":{"line":1,"column":124},"end":{"line":1,"column":368}},"line":1},"2":{"name":"(anonymous_2)","decl":{"start":{"line":1,"column":375},"end":{"line":1,"column":376}},"loc":{"start":{"line":1,"column":419},"end":{"line":1,"column":562}},"line":1},"3":{"name":"_interopRequireDefault","decl":{"start":{"line":4,"column":158},"end":{"line":4,"column":180}},"loc":{"start":{"line":4,"column":185},"end":{"line":4,"column":232}},"line":4},"4":{"name":"_classCallCheck","decl":{"start":{"line":4,"column":241},"end":{"line":4,"column":256}},"loc":{"start":{"line":4,"column":278},"end":{"line":4,"column":377}},"line":4},"5":{"name":"_possibleConstructorReturn","decl":{"start":{"line":4,"column":386},"end":{"line":4,"column":412}},"loc":{"start":{"line":4,"column":423},"end":{"line":4,"column":596}},"line":4},"6":{"name":"_inherits","decl":{"start":{"line":4,"column":605},"end":{"line":4,"column":614}},"loc":{"start":{"line":4,"column":635},"end":{"line":4,"column":1046}},"line":4},"7":{"name":"(anonymous_7)","decl":{"start":{"line":6,"column":28},"end":{"line":6,"column":29}},"loc":{"start":{"line":6,"column":48},"end":{"line":34,"column":27}},"line":6},"8":{"name":"AlertProvider","decl":{"start":{"line":6,"column":94},"end":{"line":6,"column":107}},"loc":{"start":{"line":6,"column":109},"end":{"line":6,"column":273}},"line":6},"9":{"name":"getChildContext","decl":{"start":{"line":6,"column":339},"end":{"line":6,"column":354}},"loc":{"start":{"line":16,"column":0},"end":{"line":21,"column":1}},"line":16},"10":{"name":"alert","decl":{"start":{"line":18,"column":15},"end":{"line":18,"column":20}},"loc":{"start":{"line":18,"column":22},"end":{"line":18,"column":105}},"line":18},"11":{"name":"alertWithType","decl":{"start":{"line":19,"column":23},"end":{"line":19,"column":36}},"loc":{"start":{"line":19,"column":38},"end":{"line":19,"column":132}},"line":19},"12":{"name":"render","decl":{"start":{"line":21,"column":32},"end":{"line":21,"column":38}},"loc":{"start":{"line":23,"column":0},"end":{"line":34,"column":1}},"line":23},"13":{"name":"ref","decl":{"start":{"line":28,"column":13},"end":{"line":28,"column":16}},"loc":{"start":{"line":28,"column":22},"end":{"line":30,"column":1}},"line":28}},"branchMap":{"0":{"loc":{"start":{"line":1,"column":203},"end":{"line":1,"column":231}},"type":"binary-expr","locations":[{"start":{"line":1,"column":203},"end":{"line":1,"column":224}},{"start":{"line":1,"column":226},"end":{"line":1,"column":231}}],"line":1},"1":{"loc":{"start":{"line":1,"column":261},"end":{"line":1,"column":310}},"type":"if","locations":[{"start":{"line":1,"column":261},"end":{"line":1,"column":310}},{"start":{"line":1,"column":261},"end":{"line":1,"column":310}}],"line":1},"2":{"loc":{"start":{"line":1,"column":420},"end":{"line":1,"column":485}},"type":"if","locations":[{"start":{"line":1,"column":420},"end":{"line":1,"column":485}},{"start":{"line":1,"column":420},"end":{"line":1,"column":485}}],"line":1},"3":{"loc":{"start":{"line":1,"column":485},"end":{"line":1,"column":542}},"type":"if","locations":[{"start":{"line":1,"column":485},"end":{"line":1,"column":542}},{"start":{"line":1,"column":485},"end":{"line":1,"column":542}}],"line":1},"4":{"loc":{"start":{"line":4,"column":193},"end":{"line":4,"column":230}},"type":"cond-expr","locations":[{"start":{"line":4,"column":213},"end":{"line":4,"column":216}},{"start":{"line":4,"column":217},"end":{"line":4,"column":230}}],"line":4},"5":{"loc":{"start":{"line":4,"column":193},"end":{"line":4,"column":212}},"type":"binary-expr","locations":[{"start":{"line":4,"column":193},"end":{"line":4,"column":196}},{"start":{"line":4,"column":198},"end":{"line":4,"column":212}}],"line":4},"6":{"loc":{"start":{"line":4,"column":279},"end":{"line":4,"column":376}},"type":"if","locations":[{"start":{"line":4,"column":279},"end":{"line":4,"column":376}},{"start":{"line":4,"column":279},"end":{"line":4,"column":376}}],"line":4},"7":{"loc":{"start":{"line":4,"column":424},"end":{"line":4,"column":521}},"type":"if","locations":[{"start":{"line":4,"column":424},"end":{"line":4,"column":521}},{"start":{"line":4,"column":424},"end":{"line":4,"column":521}}],"line":4},"8":{"loc":{"start":{"line":4,"column":528},"end":{"line":4,"column":594}},"type":"cond-expr","locations":[{"start":{"line":4,"column":585},"end":{"line":4,"column":589}},{"start":{"line":4,"column":590},"end":{"line":4,"column":594}}],"line":4},"9":{"loc":{"start":{"line":4,"column":528},"end":{"line":4,"column":584}},"type":"binary-expr","locations":[{"start":{"line":4,"column":528},"end":{"line":4,"column":532}},{"start":{"line":4,"column":535},"end":{"line":4,"column":557}},{"start":{"line":4,"column":559},"end":{"line":4,"column":583}}],"line":4},"10":{"loc":{"start":{"line":4,"column":636},"end":{"line":4,"column":789}},"type":"if","locations":[{"start":{"line":4,"column":636},"end":{"line":4,"column":789}},{"start":{"line":4,"column":636},"end":{"line":4,"column":789}}],"line":4},"11":{"loc":{"start":{"line":4,"column":639},"end":{"line":4,"column":688}},"type":"binary-expr","locations":[{"start":{"line":4,"column":639},"end":{"line":4,"column":669}},{"start":{"line":4,"column":671},"end":{"line":4,"column":688}}],"line":4},"12":{"loc":{"start":{"line":4,"column":822},"end":{"line":4,"column":854}},"type":"binary-expr","locations":[{"start":{"line":4,"column":822},"end":{"line":4,"column":832}},{"start":{"line":4,"column":834},"end":{"line":4,"column":854}}],"line":4},"13":{"loc":{"start":{"line":4,"column":936},"end":{"line":4,"column":1045}},"type":"if","locations":[{"start":{"line":4,"column":936},"end":{"line":4,"column":1045}},{"start":{"line":4,"column":936},"end":{"line":4,"column":1045}}],"line":4},"14":{"loc":{"start":{"line":4,"column":950},"end":{"line":4,"column":1044}},"type":"cond-expr","locations":[{"start":{"line":4,"column":972},"end":{"line":4,"column":1014}},{"start":{"line":4,"column":1015},"end":{"line":4,"column":1044}}],"line":4},"15":{"loc":{"start":{"line":6,"column":186},"end":{"line":6,"column":247}},"type":"binary-expr","locations":[{"start":{"line":6,"column":186},"end":{"line":6,"column":209}},{"start":{"line":6,"column":211},"end":{"line":6,"column":247}}],"line":6}},"s":{"0":0,"1":0,"2":0,"3":0,"4":0,"5":0,"6":0,"7":0,"8":0,"9":0,"10":0,"11":0,"12":0,"13":0,"14":0,"15":0,"16":0,"17":0,"18":0,"19":0,"20":0,"21":0,"22":0,"23":0,"24":0,"25":0,"26":0,"27":0,"28":0,"29":0,"30":0,"31":0,"32":0,"33":0,"34":0,"35":0,"36":0,"37":0,"38":0,"39":0,"40":0,"41":0,"42":0,"43":0,"44":0,"45":0},"f":{"0":0,"1":0,"2":0,"3":0,"4":0,"5":0,"6":0,"7":0,"8":0,"9":0,"10":0,"11":0,"12":0,"13":0},"b":{"0":[0,0],"1":[0,0],"2":[0,0],"3":[0,0],"4":[0,0],"5":[0,0],"6":[0,0],"7":[0,0],"8":[0,0],"9":[0,0,0],"10":[0,0],"11":[0,0],"12":[0,0],"13":[0,0],"14":[0,0],"15":[0,0]}}
,"/Users/ryanyogan/projects/CurrencyConverter/app/components/Alert/connectAlert.js": {"path":"/Users/ryanyogan/projects/CurrencyConverter/app/components/Alert/connectAlert.js","statementMap":{"0":{"start":{"line":1,"column":0},"end":{"line":1,"column":57}},"1":{"start":{"line":1,"column":70},"end":{"line":1,"column":280}},"2":{"start":{"line":1,"column":102},"end":{"line":1,"column":265}},"3":{"start":{"line":1,"column":149},"end":{"line":1,"column":161}},"4":{"start":{"line":1,"column":162},"end":{"line":1,"column":264}},"5":{"start":{"line":1,"column":185},"end":{"line":1,"column":263}},"6":{"start":{"line":1,"column":238},"end":{"line":1,"column":262}},"7":{"start":{"line":1,"column":265},"end":{"line":1,"column":279}},"8":{"start":{"line":1,"column":298},"end":{"line":1,"column":790}},"9":{"start":{"line":1,"column":349},"end":{"line":1,"column":591}},"10":{"start":{"line":1,"column":396},"end":{"line":1,"column":404}},"11":{"start":{"line":1,"column":405},"end":{"line":1,"column":456}},"12":{"start":{"line":1,"column":456},"end":{"line":1,"column":485}},"13":{"start":{"line":1,"column":485},"end":{"line":1,"column":534}},"14":{"start":{"line":1,"column":509},"end":{"line":1,"column":534}},"15":{"start":{"line":1,"column":534},"end":{"line":1,"column":590}},"16":{"start":{"line":1,"column":592},"end":{"line":1,"column":787}},"17":{"start":{"line":1,"column":644},"end":{"line":1,"column":709}},"18":{"start":{"line":1,"column":658},"end":{"line":1,"column":709}},"19":{"start":{"line":1,"column":709},"end":{"line":1,"column":766}},"20":{"start":{"line":1,"column":724},"end":{"line":1,"column":766}},"21":{"start":{"line":1,"column":766},"end":{"line":1,"column":785}},"22":{"start":{"line":1,"column":802},"end":{"line":1,"column":818}},"23":{"start":{"line":1,"column":831},"end":{"line":1,"column":861}},"24":{"start":{"line":2,"column":15},"end":{"line":2,"column":36}},"25":{"start":{"line":3,"column":26},"end":{"line":3,"column":60}},"26":{"start":{"line":3,"column":88},"end":{"line":3,"column":133}},"27":{"start":{"line":3,"column":171},"end":{"line":3,"column":216}},"28":{"start":{"line":3,"column":264},"end":{"line":3,"column":361}},"29":{"start":{"line":3,"column":303},"end":{"line":3,"column":360}},"30":{"start":{"line":3,"column":409},"end":{"line":3,"column":506}},"31":{"start":{"line":3,"column":419},"end":{"line":3,"column":505}},"32":{"start":{"line":3,"column":506},"end":{"line":3,"column":580}},"33":{"start":{"line":3,"column":621},"end":{"line":3,"column":774}},"34":{"start":{"line":3,"column":675},"end":{"line":3,"column":773}},"35":{"start":{"line":3,"column":774},"end":{"line":3,"column":921}},"36":{"start":{"line":3,"column":921},"end":{"line":3,"column":1030}},"37":{"start":{"line":3,"column":935},"end":{"line":3,"column":1030}},"38":{"start":{"line":5,"column":17},"end":{"line":24,"column":1}},"39":{"start":{"line":6,"column":15},"end":{"line":15,"column":46}},"40":{"start":{"line":6,"column":36},"end":{"line":6,"column":73}},"41":{"start":{"line":6,"column":99},"end":{"line":6,"column":136}},"42":{"start":{"line":6,"column":136},"end":{"line":6,"column":264}},"43":{"start":{"line":6,"column":265},"end":{"line":15,"column":5}},"44":{"start":{"line":8,"column":0},"end":{"line":12,"column":29}},"45":{"start":{"line":15,"column":5},"end":{"line":15,"column":27}},"46":{"start":{"line":18,"column":0},"end":{"line":20,"column":23}},"47":{"start":{"line":23,"column":0},"end":{"line":23,"column":74}},"48":{"start":{"line":24,"column":2},"end":{"line":26,"column":13}}},"fnMap":{"0":{"name":"(anonymous_0)","decl":{"start":{"line":1,"column":85},"end":{"line":1,"column":86}},"loc":{"start":{"line":1,"column":101},"end":{"line":1,"column":280}},"line":1},"1":{"name":"(anonymous_1)","decl":{"start":{"line":1,"column":298},"end":{"line":1,"column":299}},"loc":{"start":{"line":1,"column":308},"end":{"line":1,"column":788}},"line":1},"2":{"name":"defineProperties","decl":{"start":{"line":1,"column":318},"end":{"line":1,"column":334}},"loc":{"start":{"line":1,"column":348},"end":{"line":1,"column":592}},"line":1},"3":{"name":"(anonymous_3)","decl":{"start":{"line":1,"column":599},"end":{"line":1,"column":600}},"loc":{"start":{"line":1,"column":643},"end":{"line":1,"column":786}},"line":1},"4":{"name":"_interopRequireDefault","decl":{"start":{"line":3,"column":143},"end":{"line":3,"column":165}},"loc":{"start":{"line":3,"column":170},"end":{"line":3,"column":217}},"line":3},"5":{"name":"_classCallCheck","decl":{"start":{"line":3,"column":226},"end":{"line":3,"column":241}},"loc":{"start":{"line":3,"column":263},"end":{"line":3,"column":362}},"line":3},"6":{"name":"_possibleConstructorReturn","decl":{"start":{"line":3,"column":371},"end":{"line":3,"column":397}},"loc":{"start":{"line":3,"column":408},"end":{"line":3,"column":581}},"line":3},"7":{"name":"_inherits","decl":{"start":{"line":3,"column":590},"end":{"line":3,"column":599}},"loc":{"start":{"line":3,"column":620},"end":{"line":3,"column":1031}},"line":3},"8":{"name":"connectAlert","decl":{"start":{"line":5,"column":26},"end":{"line":5,"column":38}},"loc":{"start":{"line":5,"column":56},"end":{"line":24,"column":1}},"line":5},"9":{"name":"(anonymous_9)","decl":{"start":{"line":6,"column":15},"end":{"line":6,"column":16}},"loc":{"start":{"line":6,"column":35},"end":{"line":15,"column":28}},"line":6},"10":{"name":"ConnectedAlert","decl":{"start":{"line":6,"column":82},"end":{"line":6,"column":96}},"loc":{"start":{"line":6,"column":98},"end":{"line":6,"column":265}},"line":6},"11":{"name":"render","decl":{"start":{"line":6,"column":323},"end":{"line":6,"column":329}},"loc":{"start":{"line":7,"column":0},"end":{"line":15,"column":1}},"line":7}},"branchMap":{"0":{"loc":{"start":{"line":1,"column":70},"end":{"line":1,"column":280}},"type":"binary-expr","locations":[{"start":{"line":1,"column":70},"end":{"line":1,"column":83}},{"start":{"line":1,"column":85},"end":{"line":1,"column":280}}],"line":1},"1":{"loc":{"start":{"line":1,"column":185},"end":{"line":1,"column":263}},"type":"if","locations":[{"start":{"line":1,"column":185},"end":{"line":1,"column":263}},{"start":{"line":1,"column":185},"end":{"line":1,"column":263}}],"line":1},"2":{"loc":{"start":{"line":1,"column":427},"end":{"line":1,"column":455}},"type":"binary-expr","locations":[{"start":{"line":1,"column":427},"end":{"line":1,"column":448}},{"start":{"line":1,"column":450},"end":{"line":1,"column":455}}],"line":1},"3":{"loc":{"start":{"line":1,"column":485},"end":{"line":1,"column":534}},"type":"if","locations":[{"start":{"line":1,"column":485},"end":{"line":1,"column":534}},{"start":{"line":1,"column":485},"end":{"line":1,"column":534}}],"line":1},"4":{"loc":{"start":{"line":1,"column":644},"end":{"line":1,"column":709}},"type":"if","locations":[{"start":{"line":1,"column":644},"end":{"line":1,"column":709}},{"start":{"line":1,"column":644},"end":{"line":1,"column":709}}],"line":1},"5":{"loc":{"start":{"line":1,"column":709},"end":{"line":1,"column":766}},"type":"if","locations":[{"start":{"line":1,"column":709},"end":{"line":1,"column":766}},{"start":{"line":1,"column":709},"end":{"line":1,"column":766}}],"line":1},"6":{"loc":{"start":{"line":3,"column":178},"end":{"line":3,"column":215}},"type":"cond-expr","locations":[{"start":{"line":3,"column":198},"end":{"line":3,"column":201}},{"start":{"line":3,"column":202},"end":{"line":3,"column":215}}],"line":3},"7":{"loc":{"start":{"line":3,"column":178},"end":{"line":3,"column":197}},"type":"binary-expr","locations":[{"start":{"line":3,"column":178},"end":{"line":3,"column":181}},{"start":{"line":3,"column":183},"end":{"line":3,"column":197}}],"line":3},"8":{"loc":{"start":{"line":3,"column":264},"end":{"line":3,"column":361}},"type":"if","locations":[{"start":{"line":3,"column":264},"end":{"line":3,"column":361}},{"start":{"line":3,"column":264},"end":{"line":3,"column":361}}],"line":3},"9":{"loc":{"start":{"line":3,"column":409},"end":{"line":3,"column":506}},"type":"if","locations":[{"start":{"line":3,"column":409},"end":{"line":3,"column":506}},{"start":{"line":3,"column":409},"end":{"line":3,"column":506}}],"line":3},"10":{"loc":{"start":{"line":3,"column":513},"end":{"line":3,"column":579}},"type":"cond-expr","locations":[{"start":{"line":3,"column":570},"end":{"line":3,"column":574}},{"start":{"line":3,"column":575},"end":{"line":3,"column":579}}],"line":3},"11":{"loc":{"start":{"line":3,"column":513},"end":{"line":3,"column":569}},"type":"binary-expr","locations":[{"start":{"line":3,"column":513},"end":{"line":3,"column":517}},{"start":{"line":3,"column":520},"end":{"line":3,"column":542}},{"start":{"line":3,"column":544},"end":{"line":3,"column":568}}],"line":3},"12":{"loc":{"start":{"line":3,"column":621},"end":{"line":3,"column":774}},"type":"if","locations":[{"start":{"line":3,"column":621},"end":{"line":3,"column":774}},{"start":{"line":3,"column":621},"end":{"line":3,"column":774}}],"line":3},"13":{"loc":{"start":{"line":3,"column":624},"end":{"line":3,"column":673}},"type":"binary-expr","locations":[{"start":{"line":3,"column":624},"end":{"line":3,"column":654}},{"start":{"line":3,"column":656},"end":{"line":3,"column":673}}],"line":3},"14":{"loc":{"start":{"line":3,"column":807},"end":{"line":3,"column":839}},"type":"binary-expr","locations":[{"start":{"line":3,"column":807},"end":{"line":3,"column":817}},{"start":{"line":3,"column":819},"end":{"line":3,"column":839}}],"line":3},"15":{"loc":{"start":{"line":3,"column":921},"end":{"line":3,"column":1030}},"type":"if","locations":[{"start":{"line":3,"column":921},"end":{"line":3,"column":1030}},{"start":{"line":3,"column":921},"end":{"line":3,"column":1030}}],"line":3},"16":{"loc":{"start":{"line":3,"column":935},"end":{"line":3,"column":1029}},"type":"cond-expr","locations":[{"start":{"line":3,"column":957},"end":{"line":3,"column":999}},{"start":{"line":3,"column":1000},"end":{"line":3,"column":1029}}],"line":3},"17":{"loc":{"start":{"line":6,"column":176},"end":{"line":6,"column":239}},"type":"binary-expr","locations":[{"start":{"line":6,"column":176},"end":{"line":6,"column":200}},{"start":{"line":6,"column":202},"end":{"line":6,"column":239}}],"line":6}},"s":{"0":0,"1":0,"2":0,"3":0,"4":0,"5":0,"6":0,"7":0,"8":0,"9":0,"10":0,"11":0,"12":0,"13":0,"14":0,"15":0,"16":0,"17":0,"18":0,"19":0,"20":0,"21":0,"22":0,"23":0,"24":0,"25":0,"26":0,"27":0,"28":0,"29":0,"30":0,"31":0,"32":0,"33":0,"34":0,"35":0,"36":0,"37":0,"38":0,"39":0,"40":0,"41":0,"42":0,"43":0,"44":0,"45":0,"46":0,"47":0,"48":0},"f":{"0":0,"1":0,"2":0,"3":0,"4":0,"5":0,"6":0,"7":0,"8":0,"9":0,"10":0,"11":0},"b":{"0":[0,0],"1":[0,0],"2":[0,0],"3":[0,0],"4":[0,0],"5":[0,0],"6":[0,0],"7":[0,0],"8":[0,0],"9":[0,0],"10":[0,0],"11":[0,0,0],"12":[0,0],"13":[0,0],"14":[0,0],"15":[0,0],"16":[0,0],"17":[0,0]}}
,"/Users/ryanyogan/projects/CurrencyConverter/app/components/Alert/index.js": {"path":"/Users/ryanyogan/projects/CurrencyConverter/app/components/Alert/index.js","statementMap":{"0":{"start":{"line":1,"column":0},"end":{"line":1,"column":57}},"1":{"start":{"line":1,"column":57},"end":{"line":1,"column":110}},"2":{"start":{"line":1,"column":129},"end":{"line":1,"column":155}},"3":{"start":{"line":1,"column":176},"end":{"line":1,"column":214}},"4":{"start":{"line":2,"column":18},"end":{"line":2,"column":43}},"5":{"start":{"line":2,"column":63},"end":{"line":2,"column":100}},"6":{"start":{"line":2,"column":138},"end":{"line":2,"column":183}},"7":{"start":{"line":2,"column":184},"end":{"line":4,"column":38}},"8":{"start":{"line":4,"column":38},"end":{"line":4,"column":82}}},"fnMap":{"0":{"name":"_interopRequireDefault","decl":{"start":{"line":2,"column":110},"end":{"line":2,"column":132}},"loc":{"start":{"line":2,"column":137},"end":{"line":2,"column":184}},"line":2}},"branchMap":{"0":{"loc":{"start":{"line":2,"column":145},"end":{"line":2,"column":182}},"type":"cond-expr","locations":[{"start":{"line":2,"column":165},"end":{"line":2,"column":168}},{"start":{"line":2,"column":169},"end":{"line":2,"column":182}}],"line":2},"1":{"loc":{"start":{"line":2,"column":145},"end":{"line":2,"column":164}},"type":"binary-expr","locations":[{"start":{"line":2,"column":145},"end":{"line":2,"column":148}},{"start":{"line":2,"column":150},"end":{"line":2,"column":164}}],"line":2}},"s":{"0":0,"1":0,"2":0,"3":0,"4":0,"5":0,"6":0,"7":0,"8":0},"f":{"0":0},"b":{"0":[0,0],"1":[0,0]}}
,"/Users/ryanyogan/projects/CurrencyConverter/app/components/Animations/AnimateIn.js": {"path":"/Users/ryanyogan/projects/CurrencyConverter/app/components/Animations/AnimateIn.js","statementMap":{"0":{"start":{"line":1,"column":0},"end":{"line":1,"column":57}},"1":{"start":{"line":1,"column":74},"end":{"line":1,"column":566}},"2":{"start":{"line":1,"column":125},"end":{"line":1,"column":367}},"3":{"start":{"line":1,"column":172},"end":{"line":1,"column":180}},"4":{"start":{"line":1,"column":181},"end":{"line":1,"column":232}},"5":{"start":{"line":1,"column":232},"end":{"line":1,"column":261}},"6":{"start":{"line":1,"column":261},"end":{"line":1,"column":310}},"7":{"start":{"line":1,"column":285},"end":{"line":1,"column":310}},"8":{"start":{"line":1,"column":310},"end":{"line":1,"column":366}},"9":{"start":{"line":1,"column":368},"end":{"line":1,"column":563}},"10":{"start":{"line":1,"column":420},"end":{"line":1,"column":485}},"11":{"start":{"line":1,"column":434},"end":{"line":1,"column":485}},"12":{"start":{"line":1,"column":485},"end":{"line":1,"column":542}},"13":{"start":{"line":1,"column":500},"end":{"line":1,"column":542}},"14":{"start":{"line":1,"column":542},"end":{"line":1,"column":561}},"15":{"start":{"line":1,"column":595},"end":{"line":1,"column":611}},"16":{"start":{"line":1,"column":624},"end":{"line":1,"column":654}},"17":{"start":{"line":2,"column":15},"end":{"line":2,"column":36}},"18":{"start":{"line":3,"column":17},"end":{"line":3,"column":40}},"19":{"start":{"line":3,"column":78},"end":{"line":3,"column":123}},"20":{"start":{"line":3,"column":171},"end":{"line":3,"column":268}},"21":{"start":{"line":3,"column":210},"end":{"line":3,"column":267}},"22":{"start":{"line":3,"column":316},"end":{"line":3,"column":413}},"23":{"start":{"line":3,"column":326},"end":{"line":3,"column":412}},"24":{"start":{"line":3,"column":413},"end":{"line":3,"column":487}},"25":{"start":{"line":3,"column":528},"end":{"line":3,"column":681}},"26":{"start":{"line":3,"column":582},"end":{"line":3,"column":680}},"27":{"start":{"line":3,"column":681},"end":{"line":3,"column":828}},"28":{"start":{"line":3,"column":828},"end":{"line":3,"column":937}},"29":{"start":{"line":3,"column":842},"end":{"line":3,"column":937}},"30":{"start":{"line":5,"column":22},"end":{"line":5,"column":59}},"31":{"start":{"line":6,"column":19},"end":{"line":6,"column":55}},"32":{"start":{"line":8,"column":11},"end":{"line":77,"column":202}},"33":{"start":{"line":8,"column":45},"end":{"line":8,"column":77}},"34":{"start":{"line":16,"column":26},"end":{"line":16,"column":58}},"35":{"start":{"line":16,"column":68},"end":{"line":17,"column":7}},"36":{"start":{"line":18,"column":0},"end":{"line":18,"column":55}},"37":{"start":{"line":18,"column":55},"end":{"line":18,"column":68}},"38":{"start":{"line":19,"column":1},"end":{"line":77,"column":5}},"39":{"start":{"line":22,"column":0},"end":{"line":30,"column":1}},"40":{"start":{"line":23,"column":0},"end":{"line":27,"column":8}},"41":{"start":{"line":29,"column":0},"end":{"line":29,"column":31}},"42":{"start":{"line":34,"column":5},"end":{"line":34,"column":20}},"43":{"start":{"line":35,"column":11},"end":{"line":35,"column":13}},"44":{"start":{"line":37,"column":0},"end":{"line":70,"column":1}},"45":{"start":{"line":38,"column":0},"end":{"line":44,"column":47}},"46":{"start":{"line":49,"column":6},"end":{"line":70,"column":1}},"47":{"start":{"line":50,"column":0},"end":{"line":54,"column":28}},"48":{"start":{"line":58,"column":6},"end":{"line":70,"column":1}},"49":{"start":{"line":59,"column":0},"end":{"line":65,"column":46}},"50":{"start":{"line":72,"column":0},"end":{"line":74,"column":22}},"51":{"start":{"line":77,"column":5},"end":{"line":77,"column":22}},"52":{"start":{"line":77,"column":204},"end":{"line":80,"column":10}}},"fnMap":{"0":{"name":"(anonymous_0)","decl":{"start":{"line":1,"column":74},"end":{"line":1,"column":75}},"loc":{"start":{"line":1,"column":84},"end":{"line":1,"column":564}},"line":1},"1":{"name":"defineProperties","decl":{"start":{"line":1,"column":94},"end":{"line":1,"column":110}},"loc":{"start":{"line":1,"column":124},"end":{"line":1,"column":368}},"line":1},"2":{"name":"(anonymous_2)","decl":{"start":{"line":1,"column":375},"end":{"line":1,"column":376}},"loc":{"start":{"line":1,"column":419},"end":{"line":1,"column":562}},"line":1},"3":{"name":"_interopRequireDefault","decl":{"start":{"line":3,"column":50},"end":{"line":3,"column":72}},"loc":{"start":{"line":3,"column":77},"end":{"line":3,"column":124}},"line":3},"4":{"name":"_classCallCheck","decl":{"start":{"line":3,"column":133},"end":{"line":3,"column":148}},"loc":{"start":{"line":3,"column":170},"end":{"line":3,"column":269}},"line":3},"5":{"name":"_possibleConstructorReturn","decl":{"start":{"line":3,"column":278},"end":{"line":3,"column":304}},"loc":{"start":{"line":3,"column":315},"end":{"line":3,"column":488}},"line":3},"6":{"name":"_inherits","decl":{"start":{"line":3,"column":497},"end":{"line":3,"column":506}},"loc":{"start":{"line":3,"column":527},"end":{"line":3,"column":938}},"line":3},"7":{"name":"(anonymous_7)","decl":{"start":{"line":8,"column":24},"end":{"line":8,"column":25}},"loc":{"start":{"line":8,"column":44},"end":{"line":77,"column":23}},"line":8},"8":{"name":"AnimateIn","decl":{"start":{"line":16,"column":9},"end":{"line":16,"column":18}},"loc":{"start":{"line":16,"column":25},"end":{"line":19,"column":1}},"line":16},"9":{"name":"componentDidMount","decl":{"start":{"line":19,"column":65},"end":{"line":19,"column":82}},"loc":{"start":{"line":21,"column":0},"end":{"line":31,"column":1}},"line":21},"10":{"name":"render","decl":{"start":{"line":31,"column":32},"end":{"line":31,"column":38}},"loc":{"start":{"line":33,"column":0},"end":{"line":77,"column":1}},"line":33}},"branchMap":{"0":{"loc":{"start":{"line":1,"column":203},"end":{"line":1,"column":231}},"type":"binary-expr","locations":[{"start":{"line":1,"column":203},"end":{"line":1,"column":224}},{"start":{"line":1,"column":226},"end":{"line":1,"column":231}}],"line":1},"1":{"loc":{"start":{"line":1,"column":261},"end":{"line":1,"column":310}},"type":"if","locations":[{"start":{"line":1,"column":261},"end":{"line":1,"column":310}},{"start":{"line":1,"column":261},"end":{"line":1,"column":310}}],"line":1},"2":{"loc":{"start":{"line":1,"column":420},"end":{"line":1,"column":485}},"type":"if","locations":[{"start":{"line":1,"column":420},"end":{"line":1,"column":485}},{"start":{"line":1,"column":420},"end":{"line":1,"column":485}}],"line":1},"3":{"loc":{"start":{"line":1,"column":485},"end":{"line":1,"column":542}},"type":"if","locations":[{"start":{"line":1,"column":485},"end":{"line":1,"column":542}},{"start":{"line":1,"column":485},"end":{"line":1,"column":542}}],"line":1},"4":{"loc":{"start":{"line":3,"column":85},"end":{"line":3,"column":122}},"type":"cond-expr","locations":[{"start":{"line":3,"column":105},"end":{"line":3,"column":108}},{"start":{"line":3,"column":109},"end":{"line":3,"column":122}}],"line":3},"5":{"loc":{"start":{"line":3,"column":85},"end":{"line":3,"column":104}},"type":"binary-expr","locations":[{"start":{"line":3,"column":85},"end":{"line":3,"column":88}},{"start":{"line":3,"column":90},"end":{"line":3,"column":104}}],"line":3},"6":{"loc":{"start":{"line":3,"column":171},"end":{"line":3,"column":268}},"type":"if","locations":[{"start":{"line":3,"column":171},"end":{"line":3,"column":268}},{"start":{"line":3,"column":171},"end":{"line":3,"column":268}}],"line":3},"7":{"loc":{"start":{"line":3,"column":316},"end":{"line":3,"column":413}},"type":"if","locations":[{"start":{"line":3,"column":316},"end":{"line":3,"column":413}},{"start":{"line":3,"column":316},"end":{"line":3,"column":413}}],"line":3},"8":{"loc":{"start":{"line":3,"column":420},"end":{"line":3,"column":486}},"type":"cond-expr","locations":[{"start":{"line":3,"column":477},"end":{"line":3,"column":481}},{"start":{"line":3,"column":482},"end":{"line":3,"column":486}}],"line":3},"9":{"loc":{"start":{"line":3,"column":420},"end":{"line":3,"column":476}},"type":"binary-expr","locations":[{"start":{"line":3,"column":420},"end":{"line":3,"column":424}},{"start":{"line":3,"column":427},"end":{"line":3,"column":449}},{"start":{"line":3,"column":451},"end":{"line":3,"column":475}}],"line":3},"10":{"loc":{"start":{"line":3,"column":528},"end":{"line":3,"column":681}},"type":"if","locations":[{"start":{"line":3,"column":528},"end":{"line":3,"column":681}},{"start":{"line":3,"column":528},"end":{"line":3,"column":681}}],"line":3},"11":{"loc":{"start":{"line":3,"column":531},"end":{"line":3,"column":580}},"type":"binary-expr","locations":[{"start":{"line":3,"column":531},"end":{"line":3,"column":561}},{"start":{"line":3,"column":563},"end":{"line":3,"column":580}}],"line":3},"12":{"loc":{"start":{"line":3,"column":714},"end":{"line":3,"column":746}},"type":"binary-expr","locations":[{"start":{"line":3,"column":714},"end":{"line":3,"column":724}},{"start":{"line":3,"column":726},"end":{"line":3,"column":746}}],"line":3},"13":{"loc":{"start":{"line":3,"column":828},"end":{"line":3,"column":937}},"type":"if","locations":[{"start":{"line":3,"column":828},"end":{"line":3,"column":937}},{"start":{"line":3,"column":828},"end":{"line":3,"column":937}}],"line":3},"14":{"loc":{"start":{"line":3,"column":842},"end":{"line":3,"column":936}},"type":"cond-expr","locations":[{"start":{"line":3,"column":864},"end":{"line":3,"column":906}},{"start":{"line":3,"column":907},"end":{"line":3,"column":936}}],"line":3},"15":{"loc":{"start":{"line":16,"column":101},"end":{"line":16,"column":154}},"type":"binary-expr","locations":[{"start":{"line":16,"column":101},"end":{"line":16,"column":120}},{"start":{"line":16,"column":122},"end":{"line":16,"column":154}}],"line":16},"16":{"loc":{"start":{"line":22,"column":0},"end":{"line":30,"column":1}},"type":"if","locations":[{"start":{"line":22,"column":0},"end":{"line":30,"column":1}},{"start":{"line":22,"column":0},"end":{"line":30,"column":1}}],"line":22},"17":{"loc":{"start":{"line":25,"column":9},"end":{"line":25,"column":33}},"type":"binary-expr","locations":[{"start":{"line":25,"column":9},"end":{"line":25,"column":28}},{"start":{"line":25,"column":30},"end":{"line":25,"column":33}}],"line":25},"18":{"loc":{"start":{"line":26,"column":6},"end":{"line":26,"column":25}},"type":"binary-expr","locations":[{"start":{"line":26,"column":6},"end":{"line":26,"column":22}},{"start":{"line":26,"column":24},"end":{"line":26,"column":25}}],"line":26},"19":{"loc":{"start":{"line":37,"column":0},"end":{"line":70,"column":1}},"type":"if","locations":[{"start":{"line":37,"column":0},"end":{"line":70,"column":1}},{"start":{"line":37,"column":0},"end":{"line":70,"column":1}}],"line":37},"20":{"loc":{"start":{"line":49,"column":6},"end":{"line":70,"column":1}},"type":"if","locations":[{"start":{"line":49,"column":6},"end":{"line":70,"column":1}},{"start":{"line":49,"column":6},"end":{"line":70,"column":1}}],"line":49},"21":{"loc":{"start":{"line":58,"column":6},"end":{"line":70,"column":1}},"type":"if","locations":[{"start":{"line":58,"column":6},"end":{"line":70,"column":1}},{"start":{"line":58,"column":6},"end":{"line":70,"column":1}}],"line":58}},"s":{"0":0,"1":0,"2":0,"3":0,"4":0,"5":0,"6":0,"7":0,"8":0,"9":0,"10":0,"11":0,"12":0,"13":0,"14":0,"15":0,"16":0,"17":0,"18":0,"19":0,"20":0,"21":0,"22":0,"23":0,"24":0,"25":0,"26":0,"27":0,"28":0,"29":0,"30":0,"31":0,"32":0,"33":0,"34":0,"35":0,"36":0,"37":0,"38":0,"39":0,"40":0,"41":0,"42":0,"43":0,"44":0,"45":0,"46":0,"47":0,"48":0,"49":0,"50":0,"51":0,"52":0},"f":{"0":0,"1":0,"2":0,"3":0,"4":0,"5":0,"6":0,"7":0,"8":0,"9":0,"10":0},"b":{"0":[0,0],"1":[0,0],"2":[0,0],"3":[0,0],"4":[0,0],"5":[0,0],"6":[0,0],"7":[0,0],"8":[0,0],"9":[0,0,0],"10":[0,0],"11":[0,0],"12":[0,0],"13":[0,0],"14":[0,0],"15":[0,0],"16":[0,0],"17":[0,0],"18":[0,0],"19":[0,0],"20":[0,0],"21":[0,0]}}
,"/Users/ryanyogan/projects/CurrencyConverter/app/components/Animations/index.js": {"path":"/Users/ryanyogan/projects/CurrencyConverter/app/components/Animations/index.js","statementMap":{"0":{"start":{"line":1,"column":0},"end":{"line":1,"column":57}},"1":{"start":{"line":1,"column":57},"end":{"line":1,"column":85}},"2":{"start":{"line":1,"column":100},"end":{"line":1,"column":122}},"3":{"start":{"line":1,"column":139},"end":{"line":1,"column":173}},"4":{"start":{"line":1,"column":211},"end":{"line":1,"column":256}},"5":{"start":{"line":1,"column":257},"end":{"line":3,"column":30}}},"fnMap":{"0":{"name":"_interopRequireDefault","decl":{"start":{"line":1,"column":183},"end":{"line":1,"column":205}},"loc":{"start":{"line":1,"column":210},"end":{"line":1,"column":257}},"line":1}},"branchMap":{"0":{"loc":{"start":{"line":1,"column":218},"end":{"line":1,"column":255}},"type":"cond-expr","locations":[{"start":{"line":1,"column":238},"end":{"line":1,"column":241}},{"start":{"line":1,"column":242},"end":{"line":1,"column":255}}],"line":1},"1":{"loc":{"start":{"line":1,"column":218},"end":{"line":1,"column":237}},"type":"binary-expr","locations":[{"start":{"line":1,"column":218},"end":{"line":1,"column":221}},{"start":{"line":1,"column":223},"end":{"line":1,"column":237}}],"line":1}},"s":{"0":0,"1":0,"2":0,"3":0,"4":0,"5":0},"f":{"0":0},"b":{"0":[0,0],"1":[0,0]}}
,"/Users/ryanyogan/projects/CurrencyConverter/app/components/Buttons/ClearButton.js": {"path":"/Users/ryanyogan/projects/CurrencyConverter/app/components/Buttons/ClearButton.js","statementMap":{"0":{"start":{"line":7,"column":20},"end":{"line":18,"column":1}},"1":{"start":{"line":8,"column":2},"end":{"line":17,"column":21}},"2":{"start":{"line":20,"column":0},"end":{"line":23,"column":2}}},"fnMap":{"0":{"name":"(anonymous_0)","decl":{"start":{"line":7,"column":20},"end":{"line":7,"column":21}},"loc":{"start":{"line":8,"column":2},"end":{"line":17,"column":21}},"line":8}},"branchMap":{},"s":{"0":1,"1":2,"2":1},"f":{"0":2},"b":{},"_coverageSchema":"332fd63041d2c1bcb487cc26dd0d5f7d97098a6c","hash":"07df4ffc9c736da56436865cf29b2e6aeeab8773"}
,"/Users/ryanyogan/projects/CurrencyConverter/app/components/Buttons/index.js": {"path":"/Users/ryanyogan/projects/CurrencyConverter/app/components/Buttons/index.js","statementMap":{},"fnMap":{},"branchMap":{},"s":{},"f":{},"b":{},"_coverageSchema":"332fd63041d2c1bcb487cc26dd0d5f7d97098a6c","hash":"5a0a00fdd6ed5564b2d074a379b342eee86b7304"}
,"/Users/ryanyogan/projects/CurrencyConverter/app/components/Buttons/styles.js": {"path":"/Users/ryanyogan/projects/CurrencyConverter/app/components/Buttons/styles.js","statementMap":{"0":{"start":{"line":3,"column":15},"end":{"line":21,"column":2}}},"fnMap":{},"branchMap":{},"s":{"0":1},"f":{},"b":{},"_coverageSchema":"332fd63041d2c1bcb487cc26dd0d5f7d97098a6c","hash":"7e425cba40a0260b473bd4cd17496eff48510b37"}
,"/Users/ryanyogan/projects/CurrencyConverter/app/components/Container/Container.js": {"path":"/Users/ryanyogan/projects/CurrencyConverter/app/components/Container/Container.js","statementMap":{"0":{"start":{"line":7,"column":18},"end":{"line":18,"column":1}},"1":{"start":{"line":8,"column":26},"end":{"line":8,"column":44}},"2":{"start":{"line":9,"column":2},"end":{"line":11,"column":3}},"3":{"start":{"line":10,"column":4},"end":{"line":10,"column":46}},"4":{"start":{"line":13,"column":2},"end":{"line":17,"column":4}},"5":{"start":{"line":14,"column":45},"end":{"line":14,"column":63}},"6":{"start":{"line":20,"column":0},"end":{"line":23,"column":2}}},"fnMap":{"0":{"name":"(anonymous_0)","decl":{"start":{"line":7,"column":18},"end":{"line":7,"column":19}},"loc":{"start":{"line":7,"column":53},"end":{"line":18,"column":1}},"line":7},"1":{"name":"(anonymous_1)","decl":{"start":{"line":14,"column":39},"end":{"line":14,"column":40}},"loc":{"start":{"line":14,"column":45},"end":{"line":14,"column":63}},"line":14}},"branchMap":{"0":{"loc":{"start":{"line":9,"column":2},"end":{"line":11,"column":3}},"type":"if","locations":[{"start":{"line":9,"column":2},"end":{"line":11,"column":3}},{"start":{"line":9,"column":2},"end":{"line":11,"column":3}}],"line":9}},"s":{"0":1,"1":4,"2":4,"3":1,"4":4,"5":0,"6":1},"f":{"0":4,"1":0},"b":{"0":[1,3]},"_coverageSchema":"332fd63041d2c1bcb487cc26dd0d5f7d97098a6c","hash":"899ede6aee52015be13035563f189f2a51c6aea5"}
,"/Users/ryanyogan/projects/CurrencyConverter/app/components/Container/index.js": {"path":"/Users/ryanyogan/projects/CurrencyConverter/app/components/Container/index.js","statementMap":{},"fnMap":{},"branchMap":{},"s":{},"f":{},"b":{},"_coverageSchema":"332fd63041d2c1bcb487cc26dd0d5f7d97098a6c","hash":"f9d59f2359779ba3766aae66d5b70953183cfe05"}
,"/Users/ryanyogan/projects/CurrencyConverter/app/components/Container/styles.js": {"path":"/Users/ryanyogan/projects/CurrencyConverter/app/components/Container/styles.js","statementMap":{"0":{"start":{"line":3,"column":15},"end":{"line":10,"column":2}}},"fnMap":{},"branchMap":{},"s":{"0":1},"f":{},"b":{},"_coverageSchema":"332fd63041d2c1bcb487cc26dd0d5f7d97098a6c","hash":"b2369b7fe08487b2583f8670ee8fb4d85ed89733"}
,"/Users/ryanyogan/projects/CurrencyConverter/app/components/Header/Header.js": {"path":"/Users/ryanyogan/projects/CurrencyConverter/app/components/Header/Header.js","statementMap":{"0":{"start":{"line":1,"column":0},"end":{"line":1,"column":57}},"1":{"start":{"line":1,"column":68},"end":{"line":1,"column":84}},"2":{"start":{"line":1,"column":97},"end":{"line":1,"column":127}},"3":{"start":{"line":2,"column":15},"end":{"line":2,"column":36}},"4":{"start":{"line":3,"column":17},"end":{"line":3,"column":40}},"5":{"start":{"line":5,"column":12},"end":{"line":5,"column":31}},"6":{"start":{"line":5,"column":45},"end":{"line":5,"column":76}},"7":{"start":{"line":5,"column":114},"end":{"line":5,"column":159}},"8":{"start":{"line":7,"column":11},"end":{"line":25,"column":42}},"9":{"start":{"line":7,"column":45},"end":{"line":7,"column":57}},"10":{"start":{"line":7,"column":73},"end":{"line":7,"column":92}},"11":{"start":{"line":7,"column":105},"end":{"line":7,"column":121}},"12":{"start":{"line":7,"column":122},"end":{"line":25,"column":41}},"13":{"start":{"line":31,"column":0},"end":{"line":34,"column":29}},"14":{"start":{"line":34,"column":29},"end":{"line":37,"column":7}}},"fnMap":{"0":{"name":"_interopRequireDefault","decl":{"start":{"line":5,"column":86},"end":{"line":5,"column":108}},"loc":{"start":{"line":5,"column":113},"end":{"line":5,"column":160}},"line":5},"1":{"name":"Header","decl":{"start":{"line":7,"column":20},"end":{"line":7,"column":26}},"loc":{"start":{"line":7,"column":32},"end":{"line":25,"column":42}},"line":7}},"branchMap":{"0":{"loc":{"start":{"line":5,"column":121},"end":{"line":5,"column":158}},"type":"cond-expr","locations":[{"start":{"line":5,"column":141},"end":{"line":5,"column":144}},{"start":{"line":5,"column":145},"end":{"line":5,"column":158}}],"line":5},"1":{"loc":{"start":{"line":5,"column":121},"end":{"line":5,"column":140}},"type":"binary-expr","locations":[{"start":{"line":5,"column":121},"end":{"line":5,"column":124}},{"start":{"line":5,"column":126},"end":{"line":5,"column":140}}],"line":5},"2":{"loc":{"start":{"line":9,"column":0},"end":{"line":14,"column":41}},"type":"binary-expr","locations":[{"start":{"line":9,"column":0},"end":{"line":9,"column":12}},{"start":{"line":10,"column":0},"end":{"line":14,"column":41}}],"line":9}},"s":{"0":0,"1":0,"2":0,"3":0,"4":0,"5":0,"6":0,"7":0,"8":0,"9":0,"10":0,"11":0,"12":0,"13":0,"14":0},"f":{"0":0,"1":0},"b":{"0":[0,0],"1":[0,0],"2":[0,0]}}
,"/Users/ryanyogan/projects/CurrencyConverter/app/components/Header/index.js": {"path":"/Users/ryanyogan/projects/CurrencyConverter/app/components/Header/index.js","statementMap":{"0":{"start":{"line":1,"column":0},"end":{"line":1,"column":57}},"1":{"start":{"line":1,"column":57},"end":{"line":1,"column":97}},"2":{"start":{"line":1,"column":109},"end":{"line":1,"column":128}},"3":{"start":{"line":1,"column":142},"end":{"line":1,"column":173}},"4":{"start":{"line":2,"column":12},"end":{"line":2,"column":31}},"5":{"start":{"line":2,"column":45},"end":{"line":2,"column":76}},"6":{"start":{"line":2,"column":114},"end":{"line":2,"column":159}},"7":{"start":{"line":2,"column":160},"end":{"line":4,"column":24}},"8":{"start":{"line":4,"column":24},"end":{"line":4,"column":56}}},"fnMap":{"0":{"name":"_interopRequireDefault","decl":{"start":{"line":2,"column":86},"end":{"line":2,"column":108}},"loc":{"start":{"line":2,"column":113},"end":{"line":2,"column":160}},"line":2}},"branchMap":{"0":{"loc":{"start":{"line":2,"column":121},"end":{"line":2,"column":158}},"type":"cond-expr","locations":[{"start":{"line":2,"column":141},"end":{"line":2,"column":144}},{"start":{"line":2,"column":145},"end":{"line":2,"column":158}}],"line":2},"1":{"loc":{"start":{"line":2,"column":121},"end":{"line":2,"column":140}},"type":"binary-expr","locations":[{"start":{"line":2,"column":121},"end":{"line":2,"column":124}},{"start":{"line":2,"column":126},"end":{"line":2,"column":140}}],"line":2}},"s":{"0":0,"1":0,"2":0,"3":0,"4":0,"5":0,"6":0,"7":0,"8":0},"f":{"0":0},"b":{"0":[0,0],"1":[0,0]}}
,"/Users/ryanyogan/projects/CurrencyConverter/app/components/Header/styles.js": {"path":"/Users/ryanyogan/projects/CurrencyConverter/app/components/Header/styles.js","statementMap":{"0":{"start":{"line":1,"column":0},"end":{"line":1,"column":57}},"1":{"start":{"line":1,"column":92},"end":{"line":1,"column":135}},"2":{"start":{"line":1,"column":172},"end":{"line":1,"column":226}},"3":{"start":{"line":1,"column":264},"end":{"line":1,"column":309}},"4":{"start":{"line":3,"column":11},"end":{"line":23,"column":11}},"5":{"start":{"line":23,"column":12},"end":{"line":27,"column":7}}},"fnMap":{"0":{"name":"_interopRequireDefault","decl":{"start":{"line":1,"column":236},"end":{"line":1,"column":258}},"loc":{"start":{"line":1,"column":263},"end":{"line":1,"column":310}},"line":1}},"branchMap":{"0":{"loc":{"start":{"line":1,"column":271},"end":{"line":1,"column":308}},"type":"cond-expr","locations":[{"start":{"line":1,"column":291},"end":{"line":1,"column":294}},{"start":{"line":1,"column":295},"end":{"line":1,"column":308}}],"line":1},"1":{"loc":{"start":{"line":1,"column":271},"end":{"line":1,"column":290}},"type":"binary-expr","locations":[{"start":{"line":1,"column":271},"end":{"line":1,"column":274}},{"start":{"line":1,"column":276},"end":{"line":1,"column":290}}],"line":1}},"s":{"0":0,"1":0,"2":0,"3":0,"4":0,"5":0},"f":{"0":0},"b":{"0":[0,0],"1":[0,0]}}
,"/Users/ryanyogan/projects/CurrencyConverter/app/components/List/Icon.js": {"path":"/Users/ryanyogan/projects/CurrencyConverter/app/components/List/Icon.js","statementMap":{"0":{"start":{"line":1,"column":0},"end":{"line":1,"column":57}},"1":{"start":{"line":1,"column":68},"end":{"line":1,"column":84}},"2":{"start":{"line":1,"column":97},"end":{"line":1,"column":127}},"3":{"start":{"line":2,"column":15},"end":{"line":2,"column":36}},"4":{"start":{"line":3,"column":17},"end":{"line":3,"column":40}},"5":{"start":{"line":5,"column":12},"end":{"line":5,"column":31}},"6":{"start":{"line":5,"column":45},"end":{"line":5,"column":76}},"7":{"start":{"line":5,"column":114},"end":{"line":5,"column":159}},"8":{"start":{"line":7,"column":9},"end":{"line":28,"column":1}},"9":{"start":{"line":7,"column":43},"end":{"line":7,"column":57}},"10":{"start":{"line":7,"column":66},"end":{"line":7,"column":78}},"11":{"start":{"line":7,"column":94},"end":{"line":7,"column":113}},"12":{"start":{"line":8,"column":15},"end":{"line":8,"column":38}},"13":{"start":{"line":9,"column":0},"end":{"line":11,"column":1}},"14":{"start":{"line":10,"column":0},"end":{"line":10,"column":46}},"15":{"start":{"line":13,"column":0},"end":{"line":15,"column":1}},"16":{"start":{"line":14,"column":0},"end":{"line":14,"column":50}},"17":{"start":{"line":17,"column":0},"end":{"line":25,"column":7}},"18":{"start":{"line":30,"column":0},"end":{"line":33,"column":34}},"19":{"start":{"line":33,"column":34},"end":{"line":36,"column":5}}},"fnMap":{"0":{"name":"_interopRequireDefault","decl":{"start":{"line":5,"column":86},"end":{"line":5,"column":108}},"loc":{"start":{"line":5,"column":113},"end":{"line":5,"column":160}},"line":5},"1":{"name":"Icon","decl":{"start":{"line":7,"column":18},"end":{"line":7,"column":22}},"loc":{"start":{"line":7,"column":28},"end":{"line":28,"column":1}},"line":7}},"branchMap":{"0":{"loc":{"start":{"line":5,"column":121},"end":{"line":5,"column":158}},"type":"cond-expr","locations":[{"start":{"line":5,"column":141},"end":{"line":5,"column":144}},{"start":{"line":5,"column":145},"end":{"line":5,"column":158}}],"line":5},"1":{"loc":{"start":{"line":5,"column":121},"end":{"line":5,"column":140}},"type":"binary-expr","locations":[{"start":{"line":5,"column":121},"end":{"line":5,"column":124}},{"start":{"line":5,"column":126},"end":{"line":5,"column":140}}],"line":5},"2":{"loc":{"start":{"line":9,"column":0},"end":{"line":11,"column":1}},"type":"if","locations":[{"start":{"line":9,"column":0},"end":{"line":11,"column":1}},{"start":{"line":9,"column":0},"end":{"line":11,"column":1}}],"line":9},"3":{"loc":{"start":{"line":13,"column":0},"end":{"line":15,"column":1}},"type":"if","locations":[{"start":{"line":13,"column":0},"end":{"line":15,"column":1}},{"start":{"line":13,"column":0},"end":{"line":15,"column":1}}],"line":13},"4":{"loc":{"start":{"line":19,"column":0},"end":{"line":25,"column":4}},"type":"cond-expr","locations":[{"start":{"line":20,"column":0},"end":{"line":23,"column":38}},{"start":{"line":25,"column":0},"end":{"line":25,"column":4}}],"line":19}},"s":{"0":0,"1":0,"2":0,"3":0,"4":0,"5":0,"6":0,"7":0,"8":0,"9":0,"10":0,"11":0,"12":0,"13":0,"14":0,"15":0,"16":0,"17":0,"18":0,"19":0},"f":{"0":0,"1":0},"b":{"0":[0,0],"1":[0,0],"2":[0,0],"3":[0,0],"4":[0,0]}}
,"/Users/ryanyogan/projects/CurrencyConverter/app/components/List/ListItem.js": {"path":"/Users/ryanyogan/projects/CurrencyConverter/app/components/List/ListItem.js","statementMap":{"0":{"start":{"line":1,"column":0},"end":{"line":1,"column":57}},"1":{"start":{"line":1,"column":68},"end":{"line":1,"column":84}},"2":{"start":{"line":1,"column":97},"end":{"line":1,"column":127}},"3":{"start":{"line":2,"column":15},"end":{"line":2,"column":36}},"4":{"start":{"line":3,"column":17},"end":{"line":3,"column":40}},"5":{"start":{"line":5,"column":10},"end":{"line":5,"column":27}},"6":{"start":{"line":5,"column":39},"end":{"line":5,"column":68}},"7":{"start":{"line":6,"column":12},"end":{"line":6,"column":31}},"8":{"start":{"line":6,"column":45},"end":{"line":6,"column":76}},"9":{"start":{"line":6,"column":114},"end":{"line":6,"column":159}},"10":{"start":{"line":8,"column":13},"end":{"line":29,"column":15}},"11":{"start":{"line":9,"column":5},"end":{"line":9,"column":14}},"12":{"start":{"line":10,"column":8},"end":{"line":10,"column":20}},"13":{"start":{"line":10,"column":35},"end":{"line":11,"column":8}},"14":{"start":{"line":11,"column":18},"end":{"line":11,"column":63}},"15":{"start":{"line":11,"column":79},"end":{"line":12,"column":9}},"16":{"start":{"line":12,"column":20},"end":{"line":12,"column":66}},"17":{"start":{"line":12,"column":80},"end":{"line":13,"column":7}},"18":{"start":{"line":13,"column":16},"end":{"line":13,"column":58}},"19":{"start":{"line":13,"column":75},"end":{"line":14,"column":10}},"20":{"start":{"line":14,"column":22},"end":{"line":14,"column":70}},"21":{"start":{"line":15,"column":15},"end":{"line":15,"column":34}},"22":{"start":{"line":15,"column":35},"end":{"line":29,"column":14}},"23":{"start":{"line":34,"column":0},"end":{"line":41,"column":34}},"24":{"start":{"line":41,"column":34},"end":{"line":44,"column":9}}},"fnMap":{"0":{"name":"_interopRequireDefault","decl":{"start":{"line":6,"column":86},"end":{"line":6,"column":108}},"loc":{"start":{"line":6,"column":113},"end":{"line":6,"column":160}},"line":6},"1":{"name":"ListItem","decl":{"start":{"line":8,"column":22},"end":{"line":8,"column":30}},"loc":{"start":{"line":8,"column":36},"end":{"line":29,"column":15}},"line":8}},"branchMap":{"0":{"loc":{"start":{"line":6,"column":121},"end":{"line":6,"column":158}},"type":"cond-expr","locations":[{"start":{"line":6,"column":141},"end":{"line":6,"column":144}},{"start":{"line":6,"column":145},"end":{"line":6,"column":158}}],"line":6},"1":{"loc":{"start":{"line":6,"column":121},"end":{"line":6,"column":140}},"type":"binary-expr","locations":[{"start":{"line":6,"column":121},"end":{"line":6,"column":124}},{"start":{"line":6,"column":126},"end":{"line":6,"column":140}}],"line":6},"2":{"loc":{"start":{"line":11,"column":18},"end":{"line":11,"column":63}},"type":"cond-expr","locations":[{"start":{"line":11,"column":44},"end":{"line":11,"column":49}},{"start":{"line":11,"column":50},"end":{"line":11,"column":63}}],"line":11},"3":{"loc":{"start":{"line":12,"column":20},"end":{"line":12,"column":66}},"type":"cond-expr","locations":[{"start":{"line":12,"column":47},"end":{"line":12,"column":51}},{"start":{"line":12,"column":52},"end":{"line":12,"column":66}}],"line":12},"4":{"loc":{"start":{"line":13,"column":16},"end":{"line":13,"column":58}},"type":"cond-expr","locations":[{"start":{"line":13,"column":41},"end":{"line":13,"column":45}},{"start":{"line":13,"column":46},"end":{"line":13,"column":58}}],"line":13},"5":{"loc":{"start":{"line":14,"column":22},"end":{"line":14,"column":70}},"type":"cond-expr","locations":[{"start":{"line":14,"column":50},"end":{"line":14,"column":54}},{"start":{"line":14,"column":55},"end":{"line":14,"column":70}}],"line":14},"6":{"loc":{"start":{"line":20,"column":0},"end":{"line":27,"column":50}},"type":"cond-expr","locations":[{"start":{"line":21,"column":0},"end":{"line":24,"column":31}},{"start":{"line":27,"column":0},"end":{"line":27,"column":50}}],"line":20}},"s":{"0":0,"1":0,"2":0,"3":0,"4":0,"5":0,"6":0,"7":0,"8":0,"9":0,"10":0,"11":0,"12":0,"13":0,"14":0,"15":0,"16":0,"17":0,"18":0,"19":0,"20":0,"21":0,"22":0,"23":0,"24":0},"f":{"0":0,"1":0},"b":{"0":[0,0],"1":[0,0],"2":[0,0],"3":[0,0],"4":[0,0],"5":[0,0],"6":[0,0]}}
,"/Users/ryanyogan/projects/CurrencyConverter/app/components/List/Separator.js": {"path":"/Users/ryanyogan/projects/CurrencyConverter/app/components/List/Separator.js","statementMap":{"0":{"start":{"line":1,"column":0},"end":{"line":1,"column":57}},"1":{"start":{"line":1,"column":68},"end":{"line":1,"column":84}},"2":{"start":{"line":1,"column":97},"end":{"line":1,"column":127}},"3":{"start":{"line":2,"column":17},"end":{"line":2,"column":40}},"4":{"start":{"line":4,"column":12},"end":{"line":4,"column":31}},"5":{"start":{"line":4,"column":45},"end":{"line":4,"column":76}},"6":{"start":{"line":4,"column":114},"end":{"line":4,"column":159}},"7":{"start":{"line":6,"column":14},"end":{"line":6,"column":127}},"8":{"start":{"line":6,"column":35},"end":{"line":6,"column":126}},"9":{"start":{"line":6,"column":128},"end":{"line":8,"column":10}}},"fnMap":{"0":{"name":"_interopRequireDefault","decl":{"start":{"line":4,"column":86},"end":{"line":4,"column":108}},"loc":{"start":{"line":4,"column":113},"end":{"line":4,"column":160}},"line":4},"1":{"name":"Separator","decl":{"start":{"line":6,"column":23},"end":{"line":6,"column":32}},"loc":{"start":{"line":6,"column":34},"end":{"line":6,"column":127}},"line":6}},"branchMap":{"0":{"loc":{"start":{"line":4,"column":121},"end":{"line":4,"column":158}},"type":"cond-expr","locations":[{"start":{"line":4,"column":141},"end":{"line":4,"column":144}},{"start":{"line":4,"column":145},"end":{"line":4,"column":158}}],"line":4},"1":{"loc":{"start":{"line":4,"column":121},"end":{"line":4,"column":140}},"type":"binary-expr","locations":[{"start":{"line":4,"column":121},"end":{"line":4,"column":124}},{"start":{"line":4,"column":126},"end":{"line":4,"column":140}}],"line":4}},"s":{"0":0,"1":0,"2":0,"3":0,"4":0,"5":0,"6":0,"7":0,"8":0,"9":0},"f":{"0":0,"1":0},"b":{"0":[0,0],"1":[0,0]}}
,"/Users/ryanyogan/projects/CurrencyConverter/app/components/List/index.js": {"path":"/Users/ryanyogan/projects/CurrencyConverter/app/components/List/index.js","statementMap":{"0":{"start":{"line":1,"column":0},"end":{"line":1,"column":57}},"1":{"start":{"line":1,"column":57},"end":{"line":1,"column":130}},"2":{"start":{"line":1,"column":144},"end":{"line":1,"column":165}},"3":{"start":{"line":1,"column":181},"end":{"line":1,"column":214}},"4":{"start":{"line":2,"column":10},"end":{"line":2,"column":27}},"5":{"start":{"line":2,"column":39},"end":{"line":2,"column":68}},"6":{"start":{"line":3,"column":15},"end":{"line":3,"column":37}},"7":{"start":{"line":3,"column":54},"end":{"line":3,"column":88}},"8":{"start":{"line":5,"column":12},"end":{"line":5,"column":31}},"9":{"start":{"line":5,"column":45},"end":{"line":5,"column":76}},"10":{"start":{"line":5,"column":114},"end":{"line":5,"column":159}},"11":{"start":{"line":5,"column":160},"end":{"line":7,"column":28}},"12":{"start":{"line":7,"column":28},"end":{"line":7,"column":56}},"13":{"start":{"line":7,"column":56},"end":{"line":7,"column":94}},"14":{"start":{"line":7,"column":94},"end":{"line":7,"column":126}}},"fnMap":{"0":{"name":"_interopRequireDefault","decl":{"start":{"line":5,"column":86},"end":{"line":5,"column":108}},"loc":{"start":{"line":5,"column":113},"end":{"line":5,"column":160}},"line":5}},"branchMap":{"0":{"loc":{"start":{"line":5,"column":121},"end":{"line":5,"column":158}},"type":"cond-expr","locations":[{"start":{"line":5,"column":141},"end":{"line":5,"column":144}},{"start":{"line":5,"column":145},"end":{"line":5,"column":158}}],"line":5},"1":{"loc":{"start":{"line":5,"column":121},"end":{"line":5,"column":140}},"type":"binary-expr","locations":[{"start":{"line":5,"column":121},"end":{"line":5,"column":124}},{"start":{"line":5,"column":126},"end":{"line":5,"column":140}}],"line":5}},"s":{"0":0,"1":0,"2":0,"3":0,"4":0,"5":0,"6":0,"7":0,"8":0,"9":0,"10":0,"11":0,"12":0,"13":0,"14":0},"f":{"0":0},"b":{"0":[0,0],"1":[0,0]}}
,"/Users/ryanyogan/projects/CurrencyConverter/app/components/List/styles.js": {"path":"/Users/ryanyogan/projects/CurrencyConverter/app/components/List/styles.js","statementMap":{"0":{"start":{"line":1,"column":0},"end":{"line":1,"column":57}},"1":{"start":{"line":1,"column":92},"end":{"line":1,"column":135}},"2":{"start":{"line":1,"column":172},"end":{"line":1,"column":226}},"3":{"start":{"line":2,"column":17},"end":{"line":2,"column":40}},"4":{"start":{"line":2,"column":78},"end":{"line":2,"column":123}},"5":{"start":{"line":4,"column":11},"end":{"line":36,"column":11}},"6":{"start":{"line":36,"column":12},"end":{"line":40,"column":7}}},"fnMap":{"0":{"name":"_interopRequireDefault","decl":{"start":{"line":2,"column":50},"end":{"line":2,"column":72}},"loc":{"start":{"line":2,"column":77},"end":{"line":2,"column":124}},"line":2}},"branchMap":{"0":{"loc":{"start":{"line":2,"column":85},"end":{"line":2,"column":122}},"type":"cond-expr","locations":[{"start":{"line":2,"column":105},"end":{"line":2,"column":108}},{"start":{"line":2,"column":109},"end":{"line":2,"column":122}}],"line":2},"1":{"loc":{"start":{"line":2,"column":85},"end":{"line":2,"column":104}},"type":"binary-expr","locations":[{"start":{"line":2,"column":85},"end":{"line":2,"column":88}},{"start":{"line":2,"column":90},"end":{"line":2,"column":104}}],"line":2}},"s":{"0":0,"1":0,"2":0,"3":0,"4":0,"5":0,"6":0},"f":{"0":0},"b":{"0":[0,0],"1":[0,0]}}
,"/Users/ryanyogan/projects/CurrencyConverter/app/components/Logo/Logo.js": {"path":"/Users/ryanyogan/projects/CurrencyConverter/app/components/Logo/Logo.js","statementMap":{"0":{"start":{"line":1,"column":0},"end":{"line":1,"column":57}},"1":{"start":{"line":1,"column":74},"end":{"line":1,"column":566}},"2":{"start":{"line":1,"column":125},"end":{"line":1,"column":367}},"3":{"start":{"line":1,"column":172},"end":{"line":1,"column":180}},"4":{"start":{"line":1,"column":181},"end":{"line":1,"column":232}},"5":{"start":{"line":1,"column":232},"end":{"line":1,"column":261}},"6":{"start":{"line":1,"column":261},"end":{"line":1,"column":310}},"7":{"start":{"line":1,"column":285},"end":{"line":1,"column":310}},"8":{"start":{"line":1,"column":310},"end":{"line":1,"column":366}},"9":{"start":{"line":1,"column":368},"end":{"line":1,"column":563}},"10":{"start":{"line":1,"column":420},"end":{"line":1,"column":485}},"11":{"start":{"line":1,"column":434},"end":{"line":1,"column":485}},"12":{"start":{"line":1,"column":485},"end":{"line":1,"column":542}},"13":{"start":{"line":1,"column":500},"end":{"line":1,"column":542}},"14":{"start":{"line":1,"column":542},"end":{"line":1,"column":561}},"15":{"start":{"line":1,"column":596},"end":{"line":1,"column":612}},"16":{"start":{"line":1,"column":625},"end":{"line":1,"column":655}},"17":{"start":{"line":2,"column":15},"end":{"line":2,"column":36}},"18":{"start":{"line":3,"column":17},"end":{"line":3,"column":40}},"19":{"start":{"line":12,"column":12},"end":{"line":12,"column":31}},"20":{"start":{"line":12,"column":45},"end":{"line":12,"column":76}},"21":{"start":{"line":12,"column":114},"end":{"line":12,"column":159}},"22":{"start":{"line":12,"column":207},"end":{"line":12,"column":304}},"23":{"start":{"line":12,"column":246},"end":{"line":12,"column":303}},"24":{"start":{"line":12,"column":352},"end":{"line":12,"column":449}},"25":{"start":{"line":12,"column":362},"end":{"line":12,"column":448}},"26":{"start":{"line":12,"column":449},"end":{"line":12,"column":523}},"27":{"start":{"line":12,"column":564},"end":{"line":12,"column":717}},"28":{"start":{"line":12,"column":618},"end":{"line":12,"column":716}},"29":{"start":{"line":12,"column":717},"end":{"line":12,"column":864}},"30":{"start":{"line":12,"column":864},"end":{"line":12,"column":973}},"31":{"start":{"line":12,"column":878},"end":{"line":12,"column":973}},"32":{"start":{"line":14,"column":23},"end":{"line":14,"column":26}},"33":{"start":{"line":16,"column":6},"end":{"line":103,"column":90}},"34":{"start":{"line":16,"column":41},"end":{"line":16,"column":68}},"35":{"start":{"line":16,"column":114},"end":{"line":16,"column":141}},"36":{"start":{"line":16,"column":141},"end":{"line":16,"column":241}},"37":{"start":{"line":16,"column":213},"end":{"line":16,"column":240}},"38":{"start":{"line":16,"column":241},"end":{"line":70,"column":48}},"39":{"start":{"line":47,"column":0},"end":{"line":56,"column":8}},"40":{"start":{"line":60,"column":0},"end":{"line":69,"column":8}},"41":{"start":{"line":70,"column":49},"end":{"line":103,"column":5}},"42":{"start":{"line":70,"column":137},"end":{"line":70,"column":182}},"43":{"start":{"line":70,"column":183},"end":{"line":70,"column":285}},"44":{"start":{"line":70,"column":285},"end":{"line":70,"column":387}},"45":{"start":{"line":70,"column":456},"end":{"line":70,"column":491}},"46":{"start":{"line":70,"column":491},"end":{"line":70,"column":526}},"47":{"start":{"line":73,"column":25},"end":{"line":77,"column":39}},"48":{"start":{"line":80,"column":16},"end":{"line":83,"column":59}},"49":{"start":{"line":86,"column":0},"end":{"line":100,"column":102}},"50":{"start":{"line":103,"column":5},"end":{"line":103,"column":17}},"51":{"start":{"line":103,"column":92},"end":{"line":106,"column":5}}},"fnMap":{"0":{"name":"(anonymous_0)","decl":{"start":{"line":1,"column":74},"end":{"line":1,"column":75}},"loc":{"start":{"line":1,"column":84},"end":{"line":1,"column":564}},"line":1},"1":{"name":"defineProperties","decl":{"start":{"line":1,"column":94},"end":{"line":1,"column":110}},"loc":{"start":{"line":1,"column":124},"end":{"line":1,"column":368}},"line":1},"2":{"name":"(anonymous_2)","decl":{"start":{"line":1,"column":375},"end":{"line":1,"column":376}},"loc":{"start":{"line":1,"column":419},"end":{"line":1,"column":562}},"line":1},"3":{"name":"_interopRequireDefault","decl":{"start":{"line":12,"column":86},"end":{"line":12,"column":108}},"loc":{"start":{"line":12,"column":113},"end":{"line":12,"column":160}},"line":12},"4":{"name":"_classCallCheck","decl":{"start":{"line":12,"column":169},"end":{"line":12,"column":184}},"loc":{"start":{"line":12,"column":206},"end":{"line":12,"column":305}},"line":12},"5":{"name":"_possibleConstructorReturn","decl":{"start":{"line":12,"column":314},"end":{"line":12,"column":340}},"loc":{"start":{"line":12,"column":351},"end":{"line":12,"column":524}},"line":12},"6":{"name":"_inherits","decl":{"start":{"line":12,"column":533},"end":{"line":12,"column":542}},"loc":{"start":{"line":12,"column":563},"end":{"line":12,"column":974}},"line":12},"7":{"name":"(anonymous_7)","decl":{"start":{"line":16,"column":20},"end":{"line":16,"column":21}},"loc":{"start":{"line":16,"column":40},"end":{"line":103,"column":18}},"line":16},"8":{"name":"Logo","decl":{"start":{"line":16,"column":77},"end":{"line":16,"column":81}},"loc":{"start":{"line":16,"column":83},"end":{"line":70,"column":49}},"line":16},"9":{"name":"(anonymous_9)","decl":{"start":{"line":46,"column":13},"end":{"line":46,"column":14}},"loc":{"start":{"line":46,"column":23},"end":{"line":57,"column":1}},"line":46},"10":{"name":"(anonymous_10)","decl":{"start":{"line":59,"column":13},"end":{"line":59,"column":14}},"loc":{"start":{"line":59,"column":23},"end":{"line":70,"column":1}},"line":59},"11":{"name":"componentDidMount","decl":{"start":{"line":70,"column":108},"end":{"line":70,"column":125}},"loc":{"start":{"line":70,"column":127},"end":{"line":70,"column":388}},"line":70},"12":{"name":"componentWillUnmount","decl":{"start":{"line":70,"column":433},"end":{"line":70,"column":453}},"loc":{"start":{"line":70,"column":455},"end":{"line":70,"column":527}},"line":70},"13":{"name":"render","decl":{"start":{"line":70,"column":558},"end":{"line":70,"column":564}},"loc":{"start":{"line":72,"column":0},"end":{"line":103,"column":1}},"line":72}},"branchMap":{"0":{"loc":{"start":{"line":1,"column":203},"end":{"line":1,"column":231}},"type":"binary-expr","locations":[{"start":{"line":1,"column":203},"end":{"line":1,"column":224}},{"start":{"line":1,"column":226},"end":{"line":1,"column":231}}],"line":1},"1":{"loc":{"start":{"line":1,"column":261},"end":{"line":1,"column":310}},"type":"if","locations":[{"start":{"line":1,"column":261},"end":{"line":1,"column":310}},{"start":{"line":1,"column":261},
[...]
column":266}},"25":{"start":{"line":7,"column":315},"end":{"line":7,"column":412}},"26":{"start":{"line":7,"column":325},"end":{"line":7,"column":411}},"27":{"start":{"line":7,"column":412},"end":{"line":7,"column":486}},"28":{"start":{"line":7,"column":527},"end":{"line":7,"column":680}},"29":{"start":{"line":7,"column":581},"end":{"line":7,"column":679}},"30":{"start":{"line":7,"column":680},"end":{"line":7,"column":827}},"31":{"start":{"line":7,"column":827},"end":{"line":7,"column":936}},"32":{"start":{"line":7,"column":841},"end":{"line":7,"column":936}},"33":{"start":{"line":9,"column":15},"end":{"line":9,"column":24}},"34":{"start":{"line":10,"column":14},"end":{"line":10,"column":16}},"35":{"start":{"line":11,"column":16},"end":{"line":11,"column":59}},"36":{"start":{"line":13,"column":9},"end":{"line":60,"column":124}},"37":{"start":{"line":13,"column":44},"end":{"line":13,"column":74}},"38":{"start":{"line":13,"column":123},"end":{"line":13,"column":153}},"39":{"start":{"line":13,"column":153},"end":{"line":13,"column":253}},"40":{"start":{"line":13,"column":225},"end":{"line":13,"column":252}},"41":{"start":{"line":13,"column":253},"end":{"line":26,"column":87}},"42":{"start":{"line":19,"column":29},"end":{"line":19,"column":78}},"43":{"start":{"line":21,"column":27},"end":{"line":26,"column":39}},"44":{"start":{"line":22,"column":65},"end":{"line":26,"column":35}},"45":{"start":{"line":26,"column":88},"end":{"line":60,"column":5}},"46":{"start":{"line":31,"column":0},"end":{"line":57,"column":54}},"47":{"start":{"line":60,"column":5},"end":{"line":60,"column":20}},"48":{"start":{"line":60,"column":126},"end":{"line":63,"column":33}}},"fnMap":{"0":{"name":"(anonymous_0)","decl":{"start":{"line":1,"column":74},"end":{"line":1,"column":75}},"loc":{"start":{"line":1,"column":84},"end":{"line":1,"column":564}},"line":1},"1":{"name":"defineProperties","decl":{"start":{"line":1,"column":94},"end":{"line":1,"column":110}},"loc":{"start":{"line":1,"column":124},"end":{"line":1,"column":368}},"line":1},"2":{"name":"(anonymous_2)","decl":{"start":{"line":1,"column":375},"end":{"line":1,"column":376}},"loc":{"start":{"line":1,"column":419},"end":{"line":1,"column":562}},"line":1},"3":{"name":"_interopRequireDefault","decl":{"start":{"line":7,"column":49},"end":{"line":7,"column":71}},"loc":{"start":{"line":7,"column":76},"end":{"line":7,"column":123}},"line":7},"4":{"name":"_classCallCheck","decl":{"start":{"line":7,"column":132},"end":{"line":7,"column":147}},"loc":{"start":{"line":7,"column":169},"end":{"line":7,"column":268}},"line":7},"5":{"name":"_possibleConstructorReturn","decl":{"start":{"line":7,"column":277},"end":{"line":7,"column":303}},"loc":{"start":{"line":7,"column":314},"end":{"line":7,"column":487}},"line":7},"6":{"name":"_inherits","decl":{"start":{"line":7,"column":496},"end":{"line":7,"column":505}},"loc":{"start":{"line":7,"column":526},"end":{"line":7,"column":937}},"line":7},"7":{"name":"(anonymous_7)","decl":{"start":{"line":13,"column":23},"end":{"line":13,"column":24}},"loc":{"start":{"line":13,"column":43},"end":{"line":60,"column":21}},"line":13},"8":{"name":"Options","decl":{"start":{"line":13,"column":83},"end":{"line":13,"column":90}},"loc":{"start":{"line":13,"column":92},"end":{"line":26,"column":88}},"line":13},"9":{"name":"(anonymous_9)","decl":{"start":{"line":19,"column":18},"end":{"line":19,"column":19}},"loc":{"start":{"line":19,"column":28},"end":{"line":19,"column":79}},"line":19},"10":{"name":"(anonymous_10)","decl":{"start":{"line":21,"column":16},"end":{"line":21,"column":17}},"loc":{"start":{"line":21,"column":26},"end":{"line":26,"column":40}},"line":21},"11":{"name":"(anonymous_11)","decl":{"start":{"line":22,"column":54},"end":{"line":22,"column":55}},"loc":{"start":{"line":22,"column":64},"end":{"line":26,"column":36}},"line":22},"12":{"name":"render","decl":{"start":{"line":26,"column":139},"end":{"line":26,"column":145}},"loc":{"start":{"line":30,"column":0},"end":{"line":60,"column":1}},"line":30}},"branchMap":{"0":{"loc":{"start":{"line":1,"column":203},"end":{"line":1,"column":231}},"type":"binary-expr","locations":[{"start":{"line":1,"column":203},"end":{"line":1,"column":224}},{"start":{"line":1,"column":226},"end":{"line":1,"column":231}}],"line":1},"1":{"loc":{"start":{"line":1,"column":261},"end":{"line":1,"column":310}},"type":"if","locations":[{"start":{"line":1,"column":261},"end":{"line":1,"column":310}},{"start":{"line":1,"column":261},"end":{"line":1,"column":310}}],"line":1},"2":{"loc":{"start":{"line":1,"column":420},"end":{"line":1,"column":485}},"type":"if","locations":[{"start":{"line":1,"column":420},"end":{"line":1,"column":485}},{"start":{"line":1,"column":420},"end":{"line":1,"column":485}}],"line":1},"3":{"loc":{"start":{"line":1,"column":485},"end":{"line":1,"column":542}},"type":"if","locations":[{"start":{"line":1,"column":485},"end":{"line":1,"column":542}},{"start":{"line":1,"column":485},"end":{"line":1,"column":542}}],"line":1},"4":{"loc":{"start":{"line":7,"column":84},"end":{"line":7,"column":121}},"type":"cond-expr","locations":[{"start":{"line":7,"column":104},"end":{"line":7,"column":107}},{"start":{"line":7,"column":108},"end":{"line":7,"column":121}}],"line":7},"5":{"loc":{"start":{"line":7,"column":84},"end":{"line":7,"column":103}},"type":"binary-expr","locations":[{"start":{"line":7,"column":84},"end":{"line":7,"column":87}},{"start":{"line":7,"column":89},"end":{"line":7,"column":103}}],"line":7},"6":{"loc":{"start":{"line":7,"column":170},"end":{"line":7,"column":267}},"type":"if","locations":[{"start":{"line":7,"column":170},"end":{"line":7,"column":267}},{"start":{"line":7,"column":170},"end":{"line":7,"column":267}}],"line":7},"7":{"loc":{"start":{"line":7,"column":315},"end":{"line":7,"column":412}},"type":"if","locations":[{"start":{"line":7,"column":315},"end":{"line":7,"column":412}},{"start":{"line":7,"column":315},"end":{"line":7,"column":412}}],"line":7},"8":{"loc":{"start":{"line":7,"column":419},"end":{"line":7,"column":485}},"type":"cond-expr","locations":[{"start":{"line":7,"column":476},"end":{"line":7,"column":480}},{"start":{"line":7,"column":481},"end":{"line":7,"column":485}}],"line":7},"9":{"loc":{"start":{"line":7,"column":419},"end":{"line":7,"column":475}},"type":"binary-expr","locations":[{"start":{"line":7,"column":419},"end":{"line":7,"column":423}},{"start":{"line":7,"column":426},"end":{"line":7,"column":448}},{"start":{"line":7,"column":450},"end":{"line":7,"column":474}}],"line":7},"10":{"loc":{"start":{"line":7,"column":527},"end":{"line":7,"column":680}},"type":"if","locations":[{"start":{"line":7,"column":527},"end":{"line":7,"column":680}},{"start":{"line":7,"column":527},"end":{"line":7,"column":680}}],"line":7},"11":{"loc":{"start":{"line":7,"column":530},"end":{"line":7,"column":579}},"type":"binary-expr","locations":[{"start":{"line":7,"column":530},"end":{"line":7,"column":560}},{"start":{"line":7,"column":562},"end":{"line":7,"column":579}}],"line":7},"12":{"loc":{"start":{"line":7,"column":713},"end":{"line":7,"column":745}},"type":"binary-expr","locations":[{"start":{"line":7,"column":713},"end":{"line":7,"column":723}},{"start":{"line":7,"column":725},"end":{"line":7,"column":745}}],"line":7},"13":{"loc":{"start":{"line":7,"column":827},"end":{"line":7,"column":936}},"type":"if","locations":[{"start":{"line":7,"column":827},"end":{"line":7,"column":936}},{"start":{"line":7,"column":827},"end":{"line":7,"column":936}}],"line":7},"14":{"loc":{"start":{"line":7,"column":841},"end":{"line":7,"column":935}},"type":"cond-expr","locations":[{"start":{"line":7,"column":863},"end":{"line":7,"column":905}},{"start":{"line":7,"column":906},"end":{"line":7,"column":935}}],"line":7},"15":{"loc":{"start":{"line":11,"column":16},"end":{"line":11,"column":59}},"type":"cond-expr","locations":[{"start":{"line":11,"column":49},"end":{"line":11,"column":54}},{"start":{"line":11,"column":55},"end":{"line":11,"column":59}}],"line":11},"16":{"loc":{"start":{"line":13,"column":317},"end":{"line":13,"column":366}},"type":"binary-expr","locations":[{"start":{"line":13,"column":317},"end":{"line":13,"column":334}},{"start":{"line":13,"column":336},"end":{"line":13,"column":366}}],"line":13}},"s":{"0":0,"1":0,"2":0,"3":0,"4":0,"5":0,"6":0,"7":0,"8":0,"9":0,"10":0,"11":0,"12":0,"13":0,"14":0,"15":0,"16":0,"17":0,"18":0,"19":0,"20":0,"21":0,"22":0,"23":0,"24":0,"25":0,"26":0,"27":0,"28":0,"29":0,"30":0,"31":0,"32":0,"33":0,"34":0,"35":0,"36":0,"37":0,"38":0,"39":0,"40":0,"41":0,"42":0,"43":0,"44":0,"45":0,"46":0,"47":0,"48":0},"f":{"0":0,"1":0,"2":0,"3":0,"4":0,"5":0,"6":0,"7":0,"8":0,"9":0,"10":0,"11":0,"12":0},"b":{"0":[0,0],"1":[0,0],"2":[0,0],"3":[0,0],"4":[0,0],"5":[0,0],"6":[0,0],"7":[0,0],"8":[0,0],"9":[0,0,0],"10":[0,0],"11":[0,0],"12":[0,0],"13":[0,0],"14":[0,0],"15":[0,0],"16":[0,0]}}
,"/Users/ryanyogan/projects/CurrencyConverter/app/screens/Themes.js": {"path":"/Users/ryanyogan/projects/CurrencyConverter/app/screens/Themes.js","statementMap":{"0":{"start":{"line":1,"column":0},"end":{"line":1,"column":57}},"1":{"start":{"line":1,"column":74},"end":{"line":1,"column":566}},"2":{"start":{"line":1,"column":125},"end":{"line":1,"column":367}},"3":{"start":{"line":1,"column":172},"end":{"line":1,"column":180}},"4":{"start":{"line":1,"column":181},"end":{"line":1,"column":232}},"5":{"start":{"line":1,"column":232},"end":{"line":1,"column":261}},"6":{"start":{"line":1,"column":261},"end":{"line":1,"column":310}},"7":{"start":{"line":1,"column":285},"end":{"line":1,"column":310}},"8":{"start":{"line":1,"column":310},"end":{"line":1,"column":366}},"9":{"start":{"line":1,"column":368},"end":{"line":1,"column":563}},"10":{"start":{"line":1,"column":420},"end":{"line":1,"column":485}},"11":{"start":{"line":1,"column":434},"end":{"line":1,"column":485}},"12":{"start":{"line":1,"column":485},"end":{"line":1,"column":542}},"13":{"start":{"line":1,"column":500},"end":{"line":1,"column":542}},"14":{"start":{"line":1,"column":542},"end":{"line":1,"column":561}},"15":{"start":{"line":2,"column":11},"end":{"line":2,"column":27}},"16":{"start":{"line":2,"column":40},"end":{"line":2,"column":70}},"17":{"start":{"line":3,"column":15},"end":{"line":3,"column":36}},"18":{"start":{"line":4,"column":17},"end":{"line":4,"column":40}},"19":{"start":{"line":5,"column":35},"end":{"line":5,"column":78}},"20":{"start":{"line":5,"column":115},"end":{"line":5,"column":169}},"21":{"start":{"line":6,"column":16},"end":{"line":6,"column":38}},"22":{"start":{"line":8,"column":10},"end":{"line":8,"column":39}},"23":{"start":{"line":10,"column":11},"end":{"line":10,"column":38}},"24":{"start":{"line":10,"column":76},"end":{"line":10,"column":121}},"25":{"start":{"line":10,"column":169},"end":{"line":10,"column":266}},"26":{"start":{"line":10,"column":208},"end":{"line":10,"column":265}},"27":{"start":{"line":10,"column":314},"end":{"line":10,"column":411}},"28":{"start":{"line":10,"column":324},"end":{"line":10,"column":410}},"29":{"start":{"line":10,"column":411},"end":{"line":10,"column":485}},"30":{"start":{"line":10,"column":526},"end":{"line":10,"column":679}},"31":{"start":{"line":10,"column":580},"end":{"line":10,"column":678}},"32":{"start":{"line":10,"column":679},"end":{"line":10,"column":826}},"33":{"start":{"line":10,"column":826},"end":{"line":10,"column":935}},"34":{"start":{"line":10,"column":840},"end":{"line":10,"column":935}},"35":{"start":{"line":12,"column":11},"end":{"line":16,"column":26}},"36":{"start":{"line":19,"column":11},"end":{"line":19,"column":45}},"37":{"start":{"line":21,"column":8},"end":{"line":54,"column":118}},"38":{"start":{"line":21,"column":43},"end":{"line":21,"column":72}},"39":{"start":{"line":21,"column":120},"end":{"line":21,"column":149}},"40":{"start":{"line":21,"column":149},"end":{"line":21,"column":249}},"41":{"start":{"line":21,"column":221},"end":{"line":21,"column":248}},"42":{"start":{"line":21,"column":249},"end":{"line":30,"column":48}},"43":{"start":{"line":28,"column":0},"end":{"line":28,"column":59}},"44":{"start":{"line":29,"column":0},"end":{"line":29,"column":36}},"45":{"start":{"line":30,"column":49},"end":{"line":54,"column":5}},"46":{"start":{"line":32,"column":12},"end":{"line":32,"column":16}},"47":{"start":{"line":33,"column":0},"end":{"line":51,"column":5}},"48":{"start":{"line":37,"column":13},"end":{"line":37,"column":54}},"49":{"start":{"line":39,"column":0},"end":{"line":48,"column":54}},"50":{"start":{"line":43,"column":27},"end":{"line":43,"column":68}},"51":{"start":{"line":54,"column":5},"end":{"line":54,"column":19}},"52":{"start":{"line":54,"column":120},"end":{"line":57,"column":34}}},"fnMap":{"0":{"name":"(anonymous_0)","decl":{"start":{"line":1,"column":74},"end":{"line":1,"column":75}},"loc":{"start":{"line":1,"column":84},"end":{"line":1,"column":564}},"line":1},"1":{"name":"defineProperties","decl":{"start":{"line":1,"column":94},"end":{"line":1,"column":110}},"loc":{"start":{"line":1,"column":124},"end":{"line":1,"column":368}},"line":1},"2":{"name":"(anonymous_2)","decl":{"start":{"line":1,"column":375},"end":{"line":1,"column":376}},"loc":{"start":{"line":1,"column":419},"end":{"line":1,"column":562}},"line":1},"3":{"name":"_interopRequireDefault","decl":{"start":{"line":10,"column":48},"end":{"line":10,"column":70}},"loc":{"start":{"line":10,"column":75},"end":{"line":10,"column":122}},"line":10},"4":{"name":"_classCallCheck","decl":{"start":{"line":10,"column":131},"end":{"line":10,"column":146}},"loc":{"start":{"line":10,"column":168},"end":{"line":10,"column":267}},"line":10},"5":{"name":"_possibleConstructorReturn","decl":{"start":{"line":10,"column":276},"end":{"line":10,"column":302}},"loc":{"start":{"line":10,"column":313},"end":{"line":10,"column":486}},"line":10},"6":{"name":"_inherits","decl":{"start":{"line":10,"column":495},"end":{"line":10,"column":504}},"loc":{"start":{"line":10,"column":525},"end":{"line":10,"column":936}},"line":10},"7":{"name":"(anonymous_7)","decl":{"start":{"line":21,"column":22},"end":{"line":21,"column":23}},"loc":{"start":{"line":21,"column":42},"end":{"line":54,"column":20}},"line":21},"8":{"name":"Themes","decl":{"start":{"line":21,"column":81},"end":{"line":21,"column":87}},"loc":{"start":{"line":21,"column":89},"end":{"line":30,"column":49}},"line":21},"9":{"name":"(anonymous_9)","decl":{"start":{"line":27,"column":17},"end":{"line":27,"column":18}},"loc":{"start":{"line":27,"column":32},"end":{"line":30,"column":1}},"line":27},"10":{"name":"render","decl":{"start":{"line":30,"column":99},"end":{"line":30,"column":105}},"loc":{"start":{"line":32,"column":0},"end":{"line":54,"column":1}},"line":32},"11":{"name":"(anonymous_11)","decl":{"start":{"line":36,"column":11},"end":{"line":36,"column":12}},"loc":{"start":{"line":36,"column":32},"end":{"line":51,"column":1}},"line":36},"12":{"name":"onPress","decl":{"start":{"line":43,"column":17},"end":{"line":43,"column":24}},"loc":{"start":{"line":43,"column":26},"end":{"line":43,"column":69}},"line":43}},"branchMap":{"0":{"loc":{"start":{"line":1,"column":203},"end":{"line":1,"column":231}},"type":"binary-expr","locations":[{"start":{"line":1,"column":203},"end":{"line":1,"column":224}},{"start":{"line":1,"column":226},"end":{"line":1,"column":231}}],"line":1},"1":{"loc":{"start":{"line":1,"column":261},"end":{"line":1,"column":310}},"type":"if","locations":[{"start":{"line":1,"column":261},"end":{"line":1,"column":310}},{"start":{"line":1,"column":261},"end":{"line":1,"column":310}}],"line":1},"2":{"loc":{"start":{"line":1,"column":420},"end":{"line":1,"column":485}},"type":"if","locations":[{"start":{"line":1,"column":420},"end":{"line":1,"column":485}},{"start":{"line":1,"column":420},"end":{"line":1,"column":485}}],"line":1},"3":{"loc":{"start":{"line":1,"column":485},"end":{"line":1,"column":542}},"type":"if","locations":[{"start":{"line":1,"column":485},"end":{"line":1,"column":542}},{"start":{"line":1,"column":485},"end":{"line":1,"column":542}}],"line":1},"4":{"loc":{"start":{"line":10,"column":83},"end":{"line":10,"column":120}},"type":"cond-expr","locations":[{"start":{"line":10,"column":103},"end":{"line":10,"column":106}},{"start":{"line":10,"column":107},"end":{"line":10,"column":120}}],"line":10},"5":{"loc":{"start":{"line":10,"column":83},"end":{"line":10,"column":102}},"type":"binary-expr","locations":[{"start":{"line":10,"column":83},"end":{"line":10,"column":86}},{"start":{"line":10,"column":88},"end":{"line":10,"column":102}}],"line":10},"6":{"loc":{"start":{"line":10,"column":169},"end":{"line":10,"column":266}},"type":"if","locations":[{"start":{"line":10,"column":169},"end":{"line":10,"column":266}},{"start":{"line":10,"column":169},"end":{"line":10,"column":266}}],"line":10},"7":{"loc":{"start":{"line":10,"column":314},"end":{"line":10,"column":411}},"type":"if","locations":[{"start":{"line":10,"column":314},"end":{"line":10,"column":411}},{"start":{"line":10,"column":314},"end":{"line":10,"column":411}}],"line":10},"8":{"loc":{"start":{"line":10,"column":418},"end":{"line":10,"column":484}},"type":"cond-expr","locations":[{"start":{"line":10,"column":475},"end":{"line":10,"column":479}},{"start":{"line":10,"column":480},"end":{"line":10,"column":484}}],"line":10},"9":{"loc":{"start":{"line":10,"column":418},"end":{"line":10,"column":474}},"type":"binary-expr","locations":[{"start":{"line":10,"column":418},"end":{"line":10,"column":422}},{"start":{"line":10,"column":425},"end":{"line":10,"column":447}},{"start":{"line":10,"column":449},"end":{"line":10,"column":473}}],"line":10},"10":{"loc":{"start":{"line":10,"column":526},"end":{"line":10,"column":679}},"type":"if","locations":[{"start":{"line":10,"column":526},"end":{"line":10,"column":679}},{"start":{"line":10,"column":526},"end":{"line":10,"column":679}}],"line":10},"11":{"loc":{"start":{"line":10,"column":529},"end":{"line":10,"column":578}},"type":"binary-expr","locations":[{"start":{"line":10,"column":529},"end":{"line":10,"column":559}},{"start":{"line":10,"column":561},"end":{"line":10,"column":578}}],"line":10},"12":{"loc":{"start":{"line":10,"column":712},"end":{"line":10,"column":744}},"type":"binary-expr","locations":[{"start":{"line":10,"column":712},"end":{"line":10,"column":722}},{"start":{"line":10,"column":724},"end":{"line":10,"column":744}}],"line":10},"13":{"loc":{"start":{"line":10,"column":826},"end":{"line":10,"column":935}},"type":"if","locations":[{"start":{"line":10,"column":826},"end":{"line":10,"column":935}},{"start":{"line":10,"column":826},"end":{"line":10,"column":935}}],"line":10},"14":{"loc":{"start":{"line":10,"column":840},"end":{"line":10,"column":934}},"type":"cond-expr","locations":[{"start":{"line":10,"column":862},"end":{"line":10,"column":904}},{"start":{"line":10,"column":905},"end":{"line":10,"column":934}}],"line":10},"15":{"loc":{"start":{"line":21,"column":313},"end":{"line":21,"column":360}},"type":"binary-expr","locations":[{"start":{"line":21,"column":313},"end":{"line":21,"column":329}},{"start":{"line":21,"column":331},"end":{"line":21,"column":360}}],"line":21},"16":{"loc":{"start":{"line":37,"column":25},"end":{"line":37,"column":52}},"type":"binary-expr","locations":[{"start":{"line":37,"column":25},"end":{"line":37,"column":44}},{"start":{"line":37,"column":46},"end":{"line":37,"column":52}}],"line":37}},"s":{"0":0,"1":0,"2":0,"3":0,"4":0,"5":0,"6":0,"7":0,"8":0,"9":0,"10":0,"11":0,"12":0,"13":0,"14":0,"15":0,"16":0,"17":0,"18":0,"19":0,"20":0,"21":0,"22":0,"23":0,"24":0,"25":0,"26":0,"27":0,"28":0,"29":0,"30":0,"31":0,"32":0,"33":0,"34":0,"35":0,"36":0,"37":0,"38":0,"39":0,"40":0,"41":0,"42":0,"43":0,"44":0,"45":0,"46":0,"47":0,"48":0,"49":0,"50":0,"51":0,"52":0},"f":{"0":0,"1":0,"2":0,"3":0,"4":0,"5":0,"6":0,"7":0,"8":0,"9":0,"10":0,"11":0,"12":0},"b":{"0":[0,0],"1":[0,0],"2":[0,0],"3":[0,0],"4":[0,0],"5":[0,0],"6":[0,0],"7":[0,0],"8":[0,0],"9":[0,0,0],"10":[0,0],"11":[0,0],"12":[0,0],"13":[0,0],"14":[0,0],"15":[0,0],"16":[0,0]}}
}
